<?xml version="1.0" encoding="UTF-8"?>
<robot generator="Robot 3.1.2 (Python 3.8.2 on win32)" generated="20210524 22:38:41.262" rpa="false">
<suite id="s1" name="Venv" source="C:\Test cases\untitled2\venv">
<suite id="s1-s1" name="Test1" source="C:\Test cases\untitled2\venv\Test1.robot">
<test id="s1-s1-t1" name="Min and max">
<kw name="Convert to int">
<arguments>
<arg>${list}</arg>
</arguments>
<assign>
<var>@{trgList}</var>
</assign>
<msg timestamp="20210524 22:38:41.306" level="TRACE">Arguments: [ ${list1}=['1', '2', '3', '5', '1', '0', '-1', '10'] ]</msg>
<kw name="Create List" library="BuiltIn">
<doc>Returns a list containing given items.</doc>
<assign>
<var>@{list2}</var>
</assign>
<msg timestamp="20210524 22:38:41.306" level="TRACE">Arguments: [  ]</msg>
<msg timestamp="20210524 22:38:41.306" level="TRACE">Return: []</msg>
<msg timestamp="20210524 22:38:41.307" level="INFO">@{list2} = [ ]</msg>
<status status="PASS" starttime="20210524 22:38:41.306" endtime="20210524 22:38:41.307"></status>
</kw>
<kw name="Get Length" library="BuiltIn">
<doc>Returns and logs the length of the given item as an integer.</doc>
<arguments>
<arg>${list1}</arg>
</arguments>
<assign>
<var>${lngth}</var>
</assign>
<msg timestamp="20210524 22:38:41.307" level="TRACE">Arguments: [ ['1', '2', '3', '5', '1', '0', '-1', '10'] ]</msg>
<msg timestamp="20210524 22:38:41.307" level="INFO">Length is 8</msg>
<msg timestamp="20210524 22:38:41.307" level="TRACE">Return: 8</msg>
<msg timestamp="20210524 22:38:41.307" level="INFO">${lngth} = 8</msg>
<status status="PASS" starttime="20210524 22:38:41.307" endtime="20210524 22:38:41.307"></status>
</kw>
<kw name="${i} IN RANGE [ ${lngth} ]" type="for">
<kw name="${i} = 0" type="foritem">
<kw name="Convert To Number" library="BuiltIn">
<doc>Converts the given item to a floating point number.</doc>
<arguments>
<arg>${list1[${i}]}</arg>
</arguments>
<assign>
<var>${z}</var>
</assign>
<msg timestamp="20210524 22:38:41.307" level="TRACE">Arguments: [ '1' ]</msg>
<msg timestamp="20210524 22:38:41.308" level="DEBUG">Argument types are:
&lt;type 'unicode'&gt;</msg>
<msg timestamp="20210524 22:38:41.308" level="TRACE">Return: 1.0</msg>
<msg timestamp="20210524 22:38:41.308" level="INFO">${z} = 1.0</msg>
<status status="PASS" starttime="20210524 22:38:41.307" endtime="20210524 22:38:41.308"></status>
</kw>
<kw name="Append To List" library="Collections">
<doc>Adds ``values`` to the end of ``list``.</doc>
<arguments>
<arg>${list2}</arg>
<arg>${z}</arg>
</arguments>
<msg timestamp="20210524 22:38:41.308" level="TRACE">Arguments: [ [] | 1.0 ]</msg>
<msg timestamp="20210524 22:38:41.308" level="TRACE">Return: None</msg>
<status status="PASS" starttime="20210524 22:38:41.308" endtime="20210524 22:38:41.308"></status>
</kw>
<status status="PASS" starttime="20210524 22:38:41.307" endtime="20210524 22:38:41.308"></status>
</kw>
<kw name="${i} = 1" type="foritem">
<kw name="Convert To Number" library="BuiltIn">
<doc>Converts the given item to a floating point number.</doc>
<arguments>
<arg>${list1[${i}]}</arg>
</arguments>
<assign>
<var>${z}</var>
</assign>
<msg timestamp="20210524 22:38:41.308" level="TRACE">Arguments: [ '2' ]</msg>
<msg timestamp="20210524 22:38:41.308" level="DEBUG">Argument types are:
&lt;type 'unicode'&gt;</msg>
<msg timestamp="20210524 22:38:41.308" level="TRACE">Return: 2.0</msg>
<msg timestamp="20210524 22:38:41.308" level="INFO">${z} = 2.0</msg>
<status status="PASS" starttime="20210524 22:38:41.308" endtime="20210524 22:38:41.308"></status>
</kw>
<kw name="Append To List" library="Collections">
<doc>Adds ``values`` to the end of ``list``.</doc>
<arguments>
<arg>${list2}</arg>
<arg>${z}</arg>
</arguments>
<msg timestamp="20210524 22:38:41.309" level="TRACE">Arguments: [ [1.0] | 2.0 ]</msg>
<msg timestamp="20210524 22:38:41.309" level="TRACE">Return: None</msg>
<status status="PASS" starttime="20210524 22:38:41.309" endtime="20210524 22:38:41.309"></status>
</kw>
<status status="PASS" starttime="20210524 22:38:41.308" endtime="20210524 22:38:41.309"></status>
</kw>
<kw name="${i} = 2" type="foritem">
<kw name="Convert To Number" library="BuiltIn">
<doc>Converts the given item to a floating point number.</doc>
<arguments>
<arg>${list1[${i}]}</arg>
</arguments>
<assign>
<var>${z}</var>
</assign>
<msg timestamp="20210524 22:38:41.309" level="TRACE">Arguments: [ '3' ]</msg>
<msg timestamp="20210524 22:38:41.309" level="DEBUG">Argument types are:
&lt;type 'unicode'&gt;</msg>
<msg timestamp="20210524 22:38:41.309" level="TRACE">Return: 3.0</msg>
<msg timestamp="20210524 22:38:41.309" level="INFO">${z} = 3.0</msg>
<status status="PASS" starttime="20210524 22:38:41.309" endtime="20210524 22:38:41.309"></status>
</kw>
<kw name="Append To List" library="Collections">
<doc>Adds ``values`` to the end of ``list``.</doc>
<arguments>
<arg>${list2}</arg>
<arg>${z}</arg>
</arguments>
<msg timestamp="20210524 22:38:41.309" level="TRACE">Arguments: [ [1.0, 2.0] | 3.0 ]</msg>
<msg timestamp="20210524 22:38:41.310" level="TRACE">Return: None</msg>
<status status="PASS" starttime="20210524 22:38:41.309" endtime="20210524 22:38:41.310"></status>
</kw>
<status status="PASS" starttime="20210524 22:38:41.309" endtime="20210524 22:38:41.310"></status>
</kw>
<kw name="${i} = 3" type="foritem">
<kw name="Convert To Number" library="BuiltIn">
<doc>Converts the given item to a floating point number.</doc>
<arguments>
<arg>${list1[${i}]}</arg>
</arguments>
<assign>
<var>${z}</var>
</assign>
<msg timestamp="20210524 22:38:41.310" level="TRACE">Arguments: [ '5' ]</msg>
<msg timestamp="20210524 22:38:41.310" level="DEBUG">Argument types are:
&lt;type 'unicode'&gt;</msg>
<msg timestamp="20210524 22:38:41.310" level="TRACE">Return: 5.0</msg>
<msg timestamp="20210524 22:38:41.310" level="INFO">${z} = 5.0</msg>
<status status="PASS" starttime="20210524 22:38:41.310" endtime="20210524 22:38:41.310"></status>
</kw>
<kw name="Append To List" library="Collections">
<doc>Adds ``values`` to the end of ``list``.</doc>
<arguments>
<arg>${list2}</arg>
<arg>${z}</arg>
</arguments>
<msg timestamp="20210524 22:38:41.310" level="TRACE">Arguments: [ [1.0, 2.0, 3.0] | 5.0 ]</msg>
<msg timestamp="20210524 22:38:41.310" level="TRACE">Return: None</msg>
<status status="PASS" starttime="20210524 22:38:41.310" endtime="20210524 22:38:41.310"></status>
</kw>
<status status="PASS" starttime="20210524 22:38:41.310" endtime="20210524 22:38:41.310"></status>
</kw>
<kw name="${i} = 4" type="foritem">
<kw name="Convert To Number" library="BuiltIn">
<doc>Converts the given item to a floating point number.</doc>
<arguments>
<arg>${list1[${i}]}</arg>
</arguments>
<assign>
<var>${z}</var>
</assign>
<msg timestamp="20210524 22:38:41.311" level="TRACE">Arguments: [ '1' ]</msg>
<msg timestamp="20210524 22:38:41.311" level="DEBUG">Argument types are:
&lt;type 'unicode'&gt;</msg>
<msg timestamp="20210524 22:38:41.311" level="TRACE">Return: 1.0</msg>
<msg timestamp="20210524 22:38:41.311" level="INFO">${z} = 1.0</msg>
<status status="PASS" starttime="20210524 22:38:41.311" endtime="20210524 22:38:41.311"></status>
</kw>
<kw name="Append To List" library="Collections">
<doc>Adds ``values`` to the end of ``list``.</doc>
<arguments>
<arg>${list2}</arg>
<arg>${z}</arg>
</arguments>
<msg timestamp="20210524 22:38:41.311" level="TRACE">Arguments: [ [1.0, 2.0, 3.0, 5.0] | 1.0 ]</msg>
<msg timestamp="20210524 22:38:41.311" level="TRACE">Return: None</msg>
<status status="PASS" starttime="20210524 22:38:41.311" endtime="20210524 22:38:41.311"></status>
</kw>
<status status="PASS" starttime="20210524 22:38:41.311" endtime="20210524 22:38:41.311"></status>
</kw>
<kw name="${i} = 5" type="foritem">
<kw name="Convert To Number" library="BuiltIn">
<doc>Converts the given item to a floating point number.</doc>
<arguments>
<arg>${list1[${i}]}</arg>
</arguments>
<assign>
<var>${z}</var>
</assign>
<msg timestamp="20210524 22:38:41.312" level="TRACE">Arguments: [ '0' ]</msg>
<msg timestamp="20210524 22:38:41.312" level="DEBUG">Argument types are:
&lt;type 'unicode'&gt;</msg>
<msg timestamp="20210524 22:38:41.312" level="TRACE">Return: 0.0</msg>
<msg timestamp="20210524 22:38:41.312" level="INFO">${z} = 0.0</msg>
<status status="PASS" starttime="20210524 22:38:41.311" endtime="20210524 22:38:41.312"></status>
</kw>
<kw name="Append To List" library="Collections">
<doc>Adds ``values`` to the end of ``list``.</doc>
<arguments>
<arg>${list2}</arg>
<arg>${z}</arg>
</arguments>
<msg timestamp="20210524 22:38:41.312" level="TRACE">Arguments: [ [1.0, 2.0, 3.0, 5.0, 1.0] | 0.0 ]</msg>
<msg timestamp="20210524 22:38:41.312" level="TRACE">Return: None</msg>
<status status="PASS" starttime="20210524 22:38:41.312" endtime="20210524 22:38:41.312"></status>
</kw>
<status status="PASS" starttime="20210524 22:38:41.311" endtime="20210524 22:38:41.312"></status>
</kw>
<kw name="${i} = 6" type="foritem">
<kw name="Convert To Number" library="BuiltIn">
<doc>Converts the given item to a floating point number.</doc>
<arguments>
<arg>${list1[${i}]}</arg>
</arguments>
<assign>
<var>${z}</var>
</assign>
<msg timestamp="20210524 22:38:41.313" level="TRACE">Arguments: [ '-1' ]</msg>
<msg timestamp="20210524 22:38:41.313" level="DEBUG">Argument types are:
&lt;type 'unicode'&gt;</msg>
<msg timestamp="20210524 22:38:41.313" level="TRACE">Return: -1.0</msg>
<msg timestamp="20210524 22:38:41.313" level="INFO">${z} = -1.0</msg>
<status status="PASS" starttime="20210524 22:38:41.312" endtime="20210524 22:38:41.313"></status>
</kw>
<kw name="Append To List" library="Collections">
<doc>Adds ``values`` to the end of ``list``.</doc>
<arguments>
<arg>${list2}</arg>
<arg>${z}</arg>
</arguments>
<msg timestamp="20210524 22:38:41.313" level="TRACE">Arguments: [ [1.0, 2.0, 3.0, 5.0, 1.0, 0.0] | -1.0 ]</msg>
<msg timestamp="20210524 22:38:41.313" level="TRACE">Return: None</msg>
<status status="PASS" starttime="20210524 22:38:41.313" endtime="20210524 22:38:41.313"></status>
</kw>
<status status="PASS" starttime="20210524 22:38:41.312" endtime="20210524 22:38:41.313"></status>
</kw>
<kw name="${i} = 7" type="foritem">
<kw name="Convert To Number" library="BuiltIn">
<doc>Converts the given item to a floating point number.</doc>
<arguments>
<arg>${list1[${i}]}</arg>
</arguments>
<assign>
<var>${z}</var>
</assign>
<msg timestamp="20210524 22:38:41.313" level="TRACE">Arguments: [ '10' ]</msg>
<msg timestamp="20210524 22:38:41.313" level="DEBUG">Argument types are:
&lt;type 'unicode'&gt;</msg>
<msg timestamp="20210524 22:38:41.314" level="TRACE">Return: 10.0</msg>
<msg timestamp="20210524 22:38:41.314" level="INFO">${z} = 10.0</msg>
<status status="PASS" starttime="20210524 22:38:41.313" endtime="20210524 22:38:41.314"></status>
</kw>
<kw name="Append To List" library="Collections">
<doc>Adds ``values`` to the end of ``list``.</doc>
<arguments>
<arg>${list2}</arg>
<arg>${z}</arg>
</arguments>
<msg timestamp="20210524 22:38:41.314" level="TRACE">Arguments: [ [1.0, 2.0, 3.0, 5.0, 1.0, 0.0, -1.0] | 10.0 ]</msg>
<msg timestamp="20210524 22:38:41.314" level="TRACE">Return: None</msg>
<status status="PASS" starttime="20210524 22:38:41.314" endtime="20210524 22:38:41.314"></status>
</kw>
<status status="PASS" starttime="20210524 22:38:41.313" endtime="20210524 22:38:41.314"></status>
</kw>
<status status="PASS" starttime="20210524 22:38:41.307" endtime="20210524 22:38:41.314"></status>
</kw>
<msg timestamp="20210524 22:38:41.314" level="TRACE">Return: [1.0, 2.0, 3.0, 5.0, 1.0, 0.0, -1.0, 10.0]</msg>
<msg timestamp="20210524 22:38:41.314" level="INFO">@{trgList} = [ 1.0 | 2.0 | 3.0 | 5.0 | 1.0 | 0.0 | -1.0 | 10.0 ]</msg>
<status status="PASS" starttime="20210524 22:38:41.306" endtime="20210524 22:38:41.314"></status>
</kw>
<kw name="Evaluate" library="BuiltIn">
<doc>Evaluates the given expression in Python and returns the results.</doc>
<arguments>
<arg>max($trgList)</arg>
</arguments>
<assign>
<var>${max}</var>
</assign>
<msg timestamp="20210524 22:38:41.314" level="TRACE">Arguments: [ 'max($trgList)' ]</msg>
<msg timestamp="20210524 22:38:41.318" level="TRACE">Return: 10.0</msg>
<msg timestamp="20210524 22:38:41.318" level="INFO">${max} = 10.0</msg>
<status status="PASS" starttime="20210524 22:38:41.314" endtime="20210524 22:38:41.318"></status>
</kw>
<kw name="Evaluate" library="BuiltIn">
<doc>Evaluates the given expression in Python and returns the results.</doc>
<arguments>
<arg>min($trgList)</arg>
</arguments>
<assign>
<var>${min}</var>
</assign>
<msg timestamp="20210524 22:38:41.318" level="TRACE">Arguments: [ 'min($trgList)' ]</msg>
<msg timestamp="20210524 22:38:41.318" level="TRACE">Return: -1.0</msg>
<msg timestamp="20210524 22:38:41.319" level="INFO">${min} = -1.0</msg>
<status status="PASS" starttime="20210524 22:38:41.318" endtime="20210524 22:38:41.319"></status>
</kw>
<kw name="Log" library="BuiltIn">
<doc>Logs the given message with the given level.</doc>
<arguments>
<arg>${max}</arg>
</arguments>
<msg timestamp="20210524 22:38:41.319" level="TRACE">Arguments: [ 10.0 ]</msg>
<msg timestamp="20210524 22:38:41.319" level="INFO">10.0</msg>
<msg timestamp="20210524 22:38:41.319" level="TRACE">Return: None</msg>
<status status="PASS" starttime="20210524 22:38:41.319" endtime="20210524 22:38:41.319"></status>
</kw>
<kw name="Log" library="BuiltIn">
<doc>Logs the given message with the given level.</doc>
<arguments>
<arg>${min}</arg>
</arguments>
<msg timestamp="20210524 22:38:41.320" level="TRACE">Arguments: [ -1.0 ]</msg>
<msg timestamp="20210524 22:38:41.320" level="INFO">-1.0</msg>
<msg timestamp="20210524 22:38:41.320" level="TRACE">Return: None</msg>
<status status="PASS" starttime="20210524 22:38:41.320" endtime="20210524 22:38:41.320"></status>
</kw>
<status status="PASS" starttime="20210524 22:38:41.306" endtime="20210524 22:38:41.320" critical="yes"></status>
</test>
<test id="s1-s1-t2" name="Unique variables">
<kw name="Convert to int">
<arguments>
<arg>${list}</arg>
</arguments>
<assign>
<var>@{trgList}</var>
</assign>
<msg timestamp="20210524 22:38:41.320" level="TRACE">Arguments: [ ${list1}=['1', '2', '3', '5', '1', '0', '-1', '10'] ]</msg>
<kw name="Create List" library="BuiltIn">
<doc>Returns a list containing given items.</doc>
<assign>
<var>@{list2}</var>
</assign>
<msg timestamp="20210524 22:38:41.320" level="TRACE">Arguments: [  ]</msg>
<msg timestamp="20210524 22:38:41.320" level="TRACE">Return: []</msg>
<msg timestamp="20210524 22:38:41.320" level="INFO">@{list2} = [ ]</msg>
<status status="PASS" starttime="20210524 22:38:41.320" endtime="20210524 22:38:41.320"></status>
</kw>
<kw name="Get Length" library="BuiltIn">
<doc>Returns and logs the length of the given item as an integer.</doc>
<arguments>
<arg>${list1}</arg>
</arguments>
<assign>
<var>${lngth}</var>
</assign>
<msg timestamp="20210524 22:38:41.320" level="TRACE">Arguments: [ ['1', '2', '3', '5', '1', '0', '-1', '10'] ]</msg>
<msg timestamp="20210524 22:38:41.321" level="INFO">Length is 8</msg>
<msg timestamp="20210524 22:38:41.321" level="TRACE">Return: 8</msg>
<msg timestamp="20210524 22:38:41.321" level="INFO">${lngth} = 8</msg>
<status status="PASS" starttime="20210524 22:38:41.320" endtime="20210524 22:38:41.321"></status>
</kw>
<kw name="${i} IN RANGE [ ${lngth} ]" type="for">
<kw name="${i} = 0" type="foritem">
<kw name="Convert To Number" library="BuiltIn">
<doc>Converts the given item to a floating point number.</doc>
<arguments>
<arg>${list1[${i}]}</arg>
</arguments>
<assign>
<var>${z}</var>
</assign>
<msg timestamp="20210524 22:38:41.321" level="TRACE">Arguments: [ '1' ]</msg>
<msg timestamp="20210524 22:38:41.321" level="DEBUG">Argument types are:
&lt;type 'unicode'&gt;</msg>
<msg timestamp="20210524 22:38:41.321" level="TRACE">Return: 1.0</msg>
<msg timestamp="20210524 22:38:41.321" level="INFO">${z} = 1.0</msg>
<status status="PASS" starttime="20210524 22:38:41.321" endtime="20210524 22:38:41.321"></status>
</kw>
<kw name="Append To List" library="Collections">
<doc>Adds ``values`` to the end of ``list``.</doc>
<arguments>
<arg>${list2}</arg>
<arg>${z}</arg>
</arguments>
<msg timestamp="20210524 22:38:41.322" level="TRACE">Arguments: [ [] | 1.0 ]</msg>
<msg timestamp="20210524 22:38:41.322" level="TRACE">Return: None</msg>
<status status="PASS" starttime="20210524 22:38:41.321" endtime="20210524 22:38:41.322"></status>
</kw>
<status status="PASS" starttime="20210524 22:38:41.321" endtime="20210524 22:38:41.322"></status>
</kw>
<kw name="${i} = 1" type="foritem">
<kw name="Convert To Number" library="BuiltIn">
<doc>Converts the given item to a floating point number.</doc>
<arguments>
<arg>${list1[${i}]}</arg>
</arguments>
<assign>
<var>${z}</var>
</assign>
<msg timestamp="20210524 22:38:41.322" level="TRACE">Arguments: [ '2' ]</msg>
<msg timestamp="20210524 22:38:41.322" level="DEBUG">Argument types are:
&lt;type 'unicode'&gt;</msg>
<msg timestamp="20210524 22:38:41.322" level="TRACE">Return: 2.0</msg>
<msg timestamp="20210524 22:38:41.322" level="INFO">${z} = 2.0</msg>
<status status="PASS" starttime="20210524 22:38:41.322" endtime="20210524 22:38:41.322"></status>
</kw>
<kw name="Append To List" library="Collections">
<doc>Adds ``values`` to the end of ``list``.</doc>
<arguments>
<arg>${list2}</arg>
<arg>${z}</arg>
</arguments>
<msg timestamp="20210524 22:38:41.322" level="TRACE">Arguments: [ [1.0] | 2.0 ]</msg>
<msg timestamp="20210524 22:38:41.322" level="TRACE">Return: None</msg>
<status status="PASS" starttime="20210524 22:38:41.322" endtime="20210524 22:38:41.323"></status>
</kw>
<status status="PASS" starttime="20210524 22:38:41.322" endtime="20210524 22:38:41.323"></status>
</kw>
<kw name="${i} = 2" type="foritem">
<kw name="Convert To Number" library="BuiltIn">
<doc>Converts the given item to a floating point number.</doc>
<arguments>
<arg>${list1[${i}]}</arg>
</arguments>
<assign>
<var>${z}</var>
</assign>
<msg timestamp="20210524 22:38:41.323" level="TRACE">Arguments: [ '3' ]</msg>
<msg timestamp="20210524 22:38:41.323" level="DEBUG">Argument types are:
&lt;type 'unicode'&gt;</msg>
<msg timestamp="20210524 22:38:41.323" level="TRACE">Return: 3.0</msg>
<msg timestamp="20210524 22:38:41.323" level="INFO">${z} = 3.0</msg>
<status status="PASS" starttime="20210524 22:38:41.323" endtime="20210524 22:38:41.323"></status>
</kw>
<kw name="Append To List" library="Collections">
<doc>Adds ``values`` to the end of ``list``.</doc>
<arguments>
<arg>${list2}</arg>
<arg>${z}</arg>
</arguments>
<msg timestamp="20210524 22:38:41.323" level="TRACE">Arguments: [ [1.0, 2.0] | 3.0 ]</msg>
<msg timestamp="20210524 22:38:41.323" level="TRACE">Return: None</msg>
<status status="PASS" starttime="20210524 22:38:41.323" endtime="20210524 22:38:41.323"></status>
</kw>
<status status="PASS" starttime="20210524 22:38:41.323" endtime="20210524 22:38:41.323"></status>
</kw>
<kw name="${i} = 3" type="foritem">
<kw name="Convert To Number" library="BuiltIn">
<doc>Converts the given item to a floating point number.</doc>
<arguments>
<arg>${list1[${i}]}</arg>
</arguments>
<assign>
<var>${z}</var>
</assign>
<msg timestamp="20210524 22:38:41.324" level="TRACE">Arguments: [ '5' ]</msg>
<msg timestamp="20210524 22:38:41.324" level="DEBUG">Argument types are:
&lt;type 'unicode'&gt;</msg>
<msg timestamp="20210524 22:38:41.324" level="TRACE">Return: 5.0</msg>
<msg timestamp="20210524 22:38:41.324" level="INFO">${z} = 5.0</msg>
<status status="PASS" starttime="20210524 22:38:41.323" endtime="20210524 22:38:41.324"></status>
</kw>
<kw name="Append To List" library="Collections">
<doc>Adds ``values`` to the end of ``list``.</doc>
<arguments>
<arg>${list2}</arg>
<arg>${z}</arg>
</arguments>
<msg timestamp="20210524 22:38:41.324" level="TRACE">Arguments: [ [1.0, 2.0, 3.0] | 5.0 ]</msg>
<msg timestamp="20210524 22:38:41.324" level="TRACE">Return: None</msg>
<status status="PASS" starttime="20210524 22:38:41.324" endtime="20210524 22:38:41.324"></status>
</kw>
<status status="PASS" starttime="20210524 22:38:41.323" endtime="20210524 22:38:41.324"></status>
</kw>
<kw name="${i} = 4" type="foritem">
<kw name="Convert To Number" library="BuiltIn">
<doc>Converts the given item to a floating point number.</doc>
<arguments>
<arg>${list1[${i}]}</arg>
</arguments>
<assign>
<var>${z}</var>
</assign>
<msg timestamp="20210524 22:38:41.324" level="TRACE">Arguments: [ '1' ]</msg>
<msg timestamp="20210524 22:38:41.325" level="DEBUG">Argument types are:
&lt;type 'unicode'&gt;</msg>
<msg timestamp="20210524 22:38:41.325" level="TRACE">Return: 1.0</msg>
<msg timestamp="20210524 22:38:41.325" level="INFO">${z} = 1.0</msg>
<status status="PASS" starttime="20210524 22:38:41.324" endtime="20210524 22:38:41.325"></status>
</kw>
<kw name="Append To List" library="Collections">
<doc>Adds ``values`` to the end of ``list``.</doc>
<arguments>
<arg>${list2}</arg>
<arg>${z}</arg>
</arguments>
<msg timestamp="20210524 22:38:41.325" level="TRACE">Arguments: [ [1.0, 2.0, 3.0, 5.0] | 1.0 ]</msg>
<msg timestamp="20210524 22:38:41.325" level="TRACE">Return: None</msg>
<status status="PASS" starttime="20210524 22:38:41.325" endtime="20210524 22:38:41.325"></status>
</kw>
<status status="PASS" starttime="20210524 22:38:41.324" endtime="20210524 22:38:41.325"></status>
</kw>
<kw name="${i} = 5" type="foritem">
<kw name="Convert To Number" library="BuiltIn">
<doc>Converts the given item to a floating point number.</doc>
<arguments>
<arg>${list1[${i}]}</arg>
</arguments>
<assign>
<var>${z}</var>
</assign>
<msg timestamp="20210524 22:38:41.325" level="TRACE">Arguments: [ '0' ]</msg>
<msg timestamp="20210524 22:38:41.325" level="DEBUG">Argument types are:
&lt;type 'unicode'&gt;</msg>
<msg timestamp="20210524 22:38:41.325" level="TRACE">Return: 0.0</msg>
<msg timestamp="20210524 22:38:41.325" level="INFO">${z} = 0.0</msg>
<status status="PASS" starttime="20210524 22:38:41.325" endtime="20210524 22:38:41.325"></status>
</kw>
<kw name="Append To List" library="Collections">
<doc>Adds ``values`` to the end of ``list``.</doc>
<arguments>
<arg>${list2}</arg>
<arg>${z}</arg>
</arguments>
<msg timestamp="20210524 22:38:41.326" level="TRACE">Arguments: [ [1.0, 2.0, 3.0, 5.0, 1.0] | 0.0 ]</msg>
<msg timestamp="20210524 22:38:41.326" level="TRACE">Return: None</msg>
<status status="PASS" starttime="20210524 22:38:41.326" endtime="20210524 22:38:41.326"></status>
</kw>
<status status="PASS" starttime="20210524 22:38:41.325" endtime="20210524 22:38:41.326"></status>
</kw>
<kw name="${i} = 6" type="foritem">
<kw name="Convert To Number" library="BuiltIn">
<doc>Converts the given item to a floating point number.</doc>
<arguments>
<arg>${list1[${i}]}</arg>
</arguments>
<assign>
<var>${z}</var>
</assign>
<msg timestamp="20210524 22:38:41.326" level="TRACE">Arguments: [ '-1' ]</msg>
<msg timestamp="20210524 22:38:41.326" level="DEBUG">Argument types are:
&lt;type 'unicode'&gt;</msg>
<msg timestamp="20210524 22:38:41.326" level="TRACE">Return: -1.0</msg>
<msg timestamp="20210524 22:38:41.326" level="INFO">${z} = -1.0</msg>
<status status="PASS" starttime="20210524 22:38:41.326" endtime="20210524 22:38:41.326"></status>
</kw>
<kw name="Append To List" library="Collections">
<doc>Adds ``values`` to the end of ``list``.</doc>
<arguments>
<arg>${list2}</arg>
<arg>${z}</arg>
</arguments>
<msg timestamp="20210524 22:38:41.326" level="TRACE">Arguments: [ [1.0, 2.0, 3.0, 5.0, 1.0, 0.0] | -1.0 ]</msg>
<msg timestamp="20210524 22:38:41.327" level="TRACE">Return: None</msg>
<status status="PASS" starttime="20210524 22:38:41.326" endtime="20210524 22:38:41.327"></status>
</kw>
<status status="PASS" starttime="20210524 22:38:41.326" endtime="20210524 22:38:41.327"></status>
</kw>
<kw name="${i} = 7" type="foritem">
<kw name="Convert To Number" library="BuiltIn">
<doc>Converts the given item to a floating point number.</doc>
<arguments>
<arg>${list1[${i}]}</arg>
</arguments>
<assign>
<var>${z}</var>
</assign>
<msg timestamp="20210524 22:38:41.327" level="TRACE">Arguments: [ '10' ]</msg>
<msg timestamp="20210524 22:38:41.327" level="DEBUG">Argument types are:
&lt;type 'unicode'&gt;</msg>
<msg timestamp="20210524 22:38:41.327" level="TRACE">Return: 10.0</msg>
<msg timestamp="20210524 22:38:41.327" level="INFO">${z} = 10.0</msg>
<status status="PASS" starttime="20210524 22:38:41.327" endtime="20210524 22:38:41.327"></status>
</kw>
<kw name="Append To List" library="Collections">
<doc>Adds ``values`` to the end of ``list``.</doc>
<arguments>
<arg>${list2}</arg>
<arg>${z}</arg>
</arguments>
<msg timestamp="20210524 22:38:41.327" level="TRACE">Arguments: [ [1.0, 2.0, 3.0, 5.0, 1.0, 0.0, -1.0] | 10.0 ]</msg>
<msg timestamp="20210524 22:38:41.327" level="TRACE">Return: None</msg>
<status status="PASS" starttime="20210524 22:38:41.327" endtime="20210524 22:38:41.327"></status>
</kw>
<status status="PASS" starttime="20210524 22:38:41.327" endtime="20210524 22:38:41.327"></status>
</kw>
<status status="PASS" starttime="20210524 22:38:41.321" endtime="20210524 22:38:41.327"></status>
</kw>
<msg timestamp="20210524 22:38:41.328" level="TRACE">Return: [1.0, 2.0, 3.0, 5.0, 1.0, 0.0, -1.0, 10.0]</msg>
<msg timestamp="20210524 22:38:41.328" level="INFO">@{trgList} = [ 1.0 | 2.0 | 3.0 | 5.0 | 1.0 | 0.0 | -1.0 | 10.0 ]</msg>
<status status="PASS" starttime="20210524 22:38:41.320" endtime="20210524 22:38:41.328"></status>
</kw>
<kw name="Remove Duplicates" library="Collections">
<doc>Returns a list without duplicates based on the given ``list``.</doc>
<arguments>
<arg>${trgList}</arg>
</arguments>
<assign>
<var>${withoutDubl}</var>
</assign>
<msg timestamp="20210524 22:38:41.328" level="TRACE">Arguments: [ [1.0, 2.0, 3.0, 5.0, 1.0, 0.0, -1.0, 10.0] ]</msg>
<msg timestamp="20210524 22:38:41.328" level="INFO">1 duplicate removed.</msg>
<msg timestamp="20210524 22:38:41.328" level="TRACE">Return: [1.0, 2.0, 3.0, 5.0, 0.0, -1.0, 10.0]</msg>
<msg timestamp="20210524 22:38:41.328" level="INFO">${withoutDubl} = [1.0, 2.0, 3.0, 5.0, 0.0, -1.0, 10.0]</msg>
<status status="PASS" starttime="20210524 22:38:41.328" endtime="20210524 22:38:41.328"></status>
</kw>
<kw name="Log" library="BuiltIn">
<doc>Logs the given message with the given level.</doc>
<arguments>
<arg>${withoutDubl}</arg>
</arguments>
<msg timestamp="20210524 22:38:41.328" level="TRACE">Arguments: [ [1.0, 2.0, 3.0, 5.0, 0.0, -1.0, 10.0] ]</msg>
<msg timestamp="20210524 22:38:41.328" level="INFO">[1.0, 2.0, 3.0, 5.0, 0.0, -1.0, 10.0]</msg>
<msg timestamp="20210524 22:38:41.328" level="TRACE">Return: None</msg>
<status status="PASS" starttime="20210524 22:38:41.328" endtime="20210524 22:38:41.328"></status>
</kw>
<status status="PASS" starttime="20210524 22:38:41.320" endtime="20210524 22:38:41.329" critical="yes"></status>
</test>
<test id="s1-s1-t3" name="Sum of all">
<kw name="Convert to int">
<arguments>
<arg>${list}</arg>
</arguments>
<assign>
<var>@{trgList}</var>
</assign>
<msg timestamp="20210524 22:38:41.329" level="TRACE">Arguments: [ ${list1}=['1', '2', '3', '5', '1', '0', '-1', '10'] ]</msg>
<kw name="Create List" library="BuiltIn">
<doc>Returns a list containing given items.</doc>
<assign>
<var>@{list2}</var>
</assign>
<msg timestamp="20210524 22:38:41.329" level="TRACE">Arguments: [  ]</msg>
<msg timestamp="20210524 22:38:41.329" level="TRACE">Return: []</msg>
<msg timestamp="20210524 22:38:41.329" level="INFO">@{list2} = [ ]</msg>
<status status="PASS" starttime="20210524 22:38:41.329" endtime="20210524 22:38:41.329"></status>
</kw>
<kw name="Get Length" library="BuiltIn">
<doc>Returns and logs the length of the given item as an integer.</doc>
<arguments>
<arg>${list1}</arg>
</arguments>
<assign>
<var>${lngth}</var>
</assign>
<msg timestamp="20210524 22:38:41.330" level="TRACE">Arguments: [ ['1', '2', '3', '5', '1', '0', '-1', '10'] ]</msg>
<msg timestamp="20210524 22:38:41.330" level="INFO">Length is 8</msg>
<msg timestamp="20210524 22:38:41.330" level="TRACE">Return: 8</msg>
<msg timestamp="20210524 22:38:41.330" level="INFO">${lngth} = 8</msg>
<status status="PASS" starttime="20210524 22:38:41.330" endtime="20210524 22:38:41.330"></status>
</kw>
<kw name="${i} IN RANGE [ ${lngth} ]" type="for">
<kw name="${i} = 0" type="foritem">
<kw name="Convert To Number" library="BuiltIn">
<doc>Converts the given item to a floating point number.</doc>
<arguments>
<arg>${list1[${i}]}</arg>
</arguments>
<assign>
<var>${z}</var>
</assign>
<msg timestamp="20210524 22:38:41.330" level="TRACE">Arguments: [ '1' ]</msg>
<msg timestamp="20210524 22:38:41.330" level="DEBUG">Argument types are:
&lt;type 'unicode'&gt;</msg>
<msg timestamp="20210524 22:38:41.330" level="TRACE">Return: 1.0</msg>
<msg timestamp="20210524 22:38:41.330" level="INFO">${z} = 1.0</msg>
<status status="PASS" starttime="20210524 22:38:41.330" endtime="20210524 22:38:41.330"></status>
</kw>
<kw name="Append To List" library="Collections">
<doc>Adds ``values`` to the end of ``list``.</doc>
<arguments>
<arg>${list2}</arg>
<arg>${z}</arg>
</arguments>
<msg timestamp="20210524 22:38:41.331" level="TRACE">Arguments: [ [] | 1.0 ]</msg>
<msg timestamp="20210524 22:38:41.331" level="TRACE">Return: None</msg>
<status status="PASS" starttime="20210524 22:38:41.330" endtime="20210524 22:38:41.331"></status>
</kw>
<status status="PASS" starttime="20210524 22:38:41.330" endtime="20210524 22:38:41.331"></status>
</kw>
<kw name="${i} = 1" type="foritem">
<kw name="Convert To Number" library="BuiltIn">
<doc>Converts the given item to a floating point number.</doc>
<arguments>
<arg>${list1[${i}]}</arg>
</arguments>
<assign>
<var>${z}</var>
</assign>
<msg timestamp="20210524 22:38:41.331" level="TRACE">Arguments: [ '2' ]</msg>
<msg timestamp="20210524 22:38:41.331" level="DEBUG">Argument types are:
&lt;type 'unicode'&gt;</msg>
<msg timestamp="20210524 22:38:41.331" level="TRACE">Return: 2.0</msg>
<msg timestamp="20210524 22:38:41.331" level="INFO">${z} = 2.0</msg>
<status status="PASS" starttime="20210524 22:38:41.331" endtime="20210524 22:38:41.331"></status>
</kw>
<kw name="Append To List" library="Collections">
<doc>Adds ``values`` to the end of ``list``.</doc>
<arguments>
<arg>${list2}</arg>
<arg>${z}</arg>
</arguments>
<msg timestamp="20210524 22:38:41.331" level="TRACE">Arguments: [ [1.0] | 2.0 ]</msg>
<msg timestamp="20210524 22:38:41.331" level="TRACE">Return: None</msg>
<status status="PASS" starttime="20210524 22:38:41.331" endtime="20210524 22:38:41.331"></status>
</kw>
<status status="PASS" starttime="20210524 22:38:41.331" endtime="20210524 22:38:41.331"></status>
</kw>
<kw name="${i} = 2" type="foritem">
<kw name="Convert To Number" library="BuiltIn">
<doc>Converts the given item to a floating point number.</doc>
<arguments>
<arg>${list1[${i}]}</arg>
</arguments>
<assign>
<var>${z}</var>
</assign>
<msg timestamp="20210524 22:38:41.332" level="TRACE">Arguments: [ '3' ]</msg>
<msg timestamp="20210524 22:38:41.332" level="DEBUG">Argument types are:
&lt;type 'unicode'&gt;</msg>
<msg timestamp="20210524 22:38:41.332" level="TRACE">Return: 3.0</msg>
<msg timestamp="20210524 22:38:41.332" level="INFO">${z} = 3.0</msg>
<status status="PASS" starttime="20210524 22:38:41.332" endtime="20210524 22:38:41.332"></status>
</kw>
<kw name="Append To List" library="Collections">
<doc>Adds ``values`` to the end of ``list``.</doc>
<arguments>
<arg>${list2}</arg>
<arg>${z}</arg>
</arguments>
<msg timestamp="20210524 22:38:41.332" level="TRACE">Arguments: [ [1.0, 2.0] | 3.0 ]</msg>
<msg timestamp="20210524 22:38:41.332" level="TRACE">Return: None</msg>
<status status="PASS" starttime="20210524 22:38:41.332" endtime="20210524 22:38:41.332"></status>
</kw>
<status status="PASS" starttime="20210524 22:38:41.332" endtime="20210524 22:38:41.332"></status>
</kw>
<kw name="${i} = 3" type="foritem">
<kw name="Convert To Number" library="BuiltIn">
<doc>Converts the given item to a floating point number.</doc>
<arguments>
<arg>${list1[${i}]}</arg>
</arguments>
<assign>
<var>${z}</var>
</assign>
<msg timestamp="20210524 22:38:41.333" level="TRACE">Arguments: [ '5' ]</msg>
<msg timestamp="20210524 22:38:41.333" level="DEBUG">Argument types are:
&lt;type 'unicode'&gt;</msg>
<msg timestamp="20210524 22:38:41.333" level="TRACE">Return: 5.0</msg>
<msg timestamp="20210524 22:38:41.333" level="INFO">${z} = 5.0</msg>
<status status="PASS" starttime="20210524 22:38:41.332" endtime="20210524 22:38:41.333"></status>
</kw>
<kw name="Append To List" library="Collections">
<doc>Adds ``values`` to the end of ``list``.</doc>
<arguments>
<arg>${list2}</arg>
<arg>${z}</arg>
</arguments>
<msg timestamp="20210524 22:38:41.333" level="TRACE">Arguments: [ [1.0, 2.0, 3.0] | 5.0 ]</msg>
<msg timestamp="20210524 22:38:41.333" level="TRACE">Return: None</msg>
<status status="PASS" starttime="20210524 22:38:41.333" endtime="20210524 22:38:41.333"></status>
</kw>
<status status="PASS" starttime="20210524 22:38:41.332" endtime="20210524 22:38:41.333"></status>
</kw>
<kw name="${i} = 4" type="foritem">
<kw name="Convert To Number" library="BuiltIn">
<doc>Converts the given item to a floating point number.</doc>
<arguments>
<arg>${list1[${i}]}</arg>
</arguments>
<assign>
<var>${z}</var>
</assign>
<msg timestamp="20210524 22:38:41.333" level="TRACE">Arguments: [ '1' ]</msg>
<msg timestamp="20210524 22:38:41.334" level="DEBUG">Argument types are:
&lt;type 'unicode'&gt;</msg>
<msg timestamp="20210524 22:38:41.334" level="TRACE">Return: 1.0</msg>
<msg timestamp="20210524 22:38:41.334" level="INFO">${z} = 1.0</msg>
<status status="PASS" starttime="20210524 22:38:41.333" endtime="20210524 22:38:41.334"></status>
</kw>
<kw name="Append To List" library="Collections">
<doc>Adds ``values`` to the end of ``list``.</doc>
<arguments>
<arg>${list2}</arg>
<arg>${z}</arg>
</arguments>
<msg timestamp="20210524 22:38:41.334" level="TRACE">Arguments: [ [1.0, 2.0, 3.0, 5.0] | 1.0 ]</msg>
<msg timestamp="20210524 22:38:41.334" level="TRACE">Return: None</msg>
<status status="PASS" starttime="20210524 22:38:41.334" endtime="20210524 22:38:41.334"></status>
</kw>
<status status="PASS" starttime="20210524 22:38:41.333" endtime="20210524 22:38:41.334"></status>
</kw>
<kw name="${i} = 5" type="foritem">
<kw name="Convert To Number" library="BuiltIn">
<doc>Converts the given item to a floating point number.</doc>
<arguments>
<arg>${list1[${i}]}</arg>
</arguments>
<assign>
<var>${z}</var>
</assign>
<msg timestamp="20210524 22:38:41.334" level="TRACE">Arguments: [ '0' ]</msg>
<msg timestamp="20210524 22:38:41.334" level="DEBUG">Argument types are:
&lt;type 'unicode'&gt;</msg>
<msg timestamp="20210524 22:38:41.335" level="TRACE">Return: 0.0</msg>
<msg timestamp="20210524 22:38:41.335" level="INFO">${z} = 0.0</msg>
<status status="PASS" starttime="20210524 22:38:41.334" endtime="20210524 22:38:41.335"></status>
</kw>
<kw name="Append To List" library="Collections">
<doc>Adds ``values`` to the end of ``list``.</doc>
<arguments>
<arg>${list2}</arg>
<arg>${z}</arg>
</arguments>
<msg timestamp="20210524 22:38:41.335" level="TRACE">Arguments: [ [1.0, 2.0, 3.0, 5.0, 1.0] | 0.0 ]</msg>
<msg timestamp="20210524 22:38:41.335" level="TRACE">Return: None</msg>
<status status="PASS" starttime="20210524 22:38:41.335" endtime="20210524 22:38:41.335"></status>
</kw>
<status status="PASS" starttime="20210524 22:38:41.334" endtime="20210524 22:38:41.335"></status>
</kw>
<kw name="${i} = 6" type="foritem">
<kw name="Convert To Number" library="BuiltIn">
<doc>Converts the given item to a floating point number.</doc>
<arguments>
<arg>${list1[${i}]}</arg>
</arguments>
<assign>
<var>${z}</var>
</assign>
<msg timestamp="20210524 22:38:41.335" level="TRACE">Arguments: [ '-1' ]</msg>
<msg timestamp="20210524 22:38:41.335" level="DEBUG">Argument types are:
&lt;type 'unicode'&gt;</msg>
<msg timestamp="20210524 22:38:41.335" level="TRACE">Return: -1.0</msg>
<msg timestamp="20210524 22:38:41.335" level="INFO">${z} = -1.0</msg>
<status status="PASS" starttime="20210524 22:38:41.335" endtime="20210524 22:38:41.335"></status>
</kw>
<kw name="Append To List" library="Collections">
<doc>Adds ``values`` to the end of ``list``.</doc>
<arguments>
<arg>${list2}</arg>
<arg>${z}</arg>
</arguments>
<msg timestamp="20210524 22:38:41.336" level="TRACE">Arguments: [ [1.0, 2.0, 3.0, 5.0, 1.0, 0.0] | -1.0 ]</msg>
<msg timestamp="20210524 22:38:41.336" level="TRACE">Return: None</msg>
<status status="PASS" starttime="20210524 22:38:41.336" endtime="20210524 22:38:41.336"></status>
</kw>
<status status="PASS" starttime="20210524 22:38:41.335" endtime="20210524 22:38:41.336"></status>
</kw>
<kw name="${i} = 7" type="foritem">
<kw name="Convert To Number" library="BuiltIn">
<doc>Converts the given item to a floating point number.</doc>
<arguments>
<arg>${list1[${i}]}</arg>
</arguments>
<assign>
<var>${z}</var>
</assign>
<msg timestamp="20210524 22:38:41.336" level="TRACE">Arguments: [ '10' ]</msg>
<msg timestamp="20210524 22:38:41.336" level="DEBUG">Argument types are:
&lt;type 'unicode'&gt;</msg>
<msg timestamp="20210524 22:38:41.336" level="TRACE">Return: 10.0</msg>
<msg timestamp="20210524 22:38:41.336" level="INFO">${z} = 10.0</msg>
<status status="PASS" starttime="20210524 22:38:41.336" endtime="20210524 22:38:41.336"></status>
</kw>
<kw name="Append To List" library="Collections">
<doc>Adds ``values`` to the end of ``list``.</doc>
<arguments>
<arg>${list2}</arg>
<arg>${z}</arg>
</arguments>
<msg timestamp="20210524 22:38:41.336" level="TRACE">Arguments: [ [1.0, 2.0, 3.0, 5.0, 1.0, 0.0, -1.0] | 10.0 ]</msg>
<msg timestamp="20210524 22:38:41.337" level="TRACE">Return: None</msg>
<status status="PASS" starttime="20210524 22:38:41.336" endtime="20210524 22:38:41.337"></status>
</kw>
<status status="PASS" starttime="20210524 22:38:41.336" endtime="20210524 22:38:41.337"></status>
</kw>
<status status="PASS" starttime="20210524 22:38:41.330" endtime="20210524 22:38:41.337"></status>
</kw>
<msg timestamp="20210524 22:38:41.337" level="TRACE">Return: [1.0, 2.0, 3.0, 5.0, 1.0, 0.0, -1.0, 10.0]</msg>
<msg timestamp="20210524 22:38:41.337" level="INFO">@{trgList} = [ 1.0 | 2.0 | 3.0 | 5.0 | 1.0 | 0.0 | -1.0 | 10.0 ]</msg>
<status status="PASS" starttime="20210524 22:38:41.329" endtime="20210524 22:38:41.337"></status>
</kw>
<kw name="Set Variable" library="BuiltIn">
<doc>Returns the given values which can then be assigned to a variables.</doc>
<arguments>
<arg>0</arg>
</arguments>
<assign>
<var>${sum}</var>
</assign>
<msg timestamp="20210524 22:38:41.337" level="TRACE">Arguments: [ '0' ]</msg>
<msg timestamp="20210524 22:38:41.337" level="TRACE">Return: '0'</msg>
<msg timestamp="20210524 22:38:41.337" level="INFO">${sum} = 0</msg>
<status status="PASS" starttime="20210524 22:38:41.337" endtime="20210524 22:38:41.337"></status>
</kw>
<kw name="${count} IN [ @{trgList} ]" type="for">
<kw name="${count} = 1.0" type="foritem">
<kw name="Evaluate" library="BuiltIn">
<doc>Evaluates the given expression in Python and returns the results.</doc>
<arguments>
<arg>${sum}+${count}</arg>
</arguments>
<assign>
<var>${sum}</var>
</assign>
<msg timestamp="20210524 22:38:41.338" level="TRACE">Arguments: [ '0+1.0' ]</msg>
<msg timestamp="20210524 22:38:41.338" level="TRACE">Return: 1.0</msg>
<msg timestamp="20210524 22:38:41.338" level="INFO">${sum} = 1.0</msg>
<status status="PASS" starttime="20210524 22:38:41.337" endtime="20210524 22:38:41.338"></status>
</kw>
<status status="PASS" starttime="20210524 22:38:41.337" endtime="20210524 22:38:41.338"></status>
</kw>
<kw name="${count} = 2.0" type="foritem">
<kw name="Evaluate" library="BuiltIn">
<doc>Evaluates the given expression in Python and returns the results.</doc>
<arguments>
<arg>${sum}+${count}</arg>
</arguments>
<assign>
<var>${sum}</var>
</assign>
<msg timestamp="20210524 22:38:41.338" level="TRACE">Arguments: [ '1.0+2.0' ]</msg>
<msg timestamp="20210524 22:38:41.338" level="TRACE">Return: 3.0</msg>
<msg timestamp="20210524 22:38:41.338" level="INFO">${sum} = 3.0</msg>
<status status="PASS" starttime="20210524 22:38:41.338" endtime="20210524 22:38:41.338"></status>
</kw>
<status status="PASS" starttime="20210524 22:38:41.338" endtime="20210524 22:38:41.338"></status>
</kw>
<kw name="${count} = 3.0" type="foritem">
<kw name="Evaluate" library="BuiltIn">
<doc>Evaluates the given expression in Python and returns the results.</doc>
<arguments>
<arg>${sum}+${count}</arg>
</arguments>
<assign>
<var>${sum}</var>
</assign>
<msg timestamp="20210524 22:38:41.339" level="TRACE">Arguments: [ '3.0+3.0' ]</msg>
<msg timestamp="20210524 22:38:41.339" level="TRACE">Return: 6.0</msg>
<msg timestamp="20210524 22:38:41.339" level="INFO">${sum} = 6.0</msg>
<status status="PASS" starttime="20210524 22:38:41.338" endtime="20210524 22:38:41.339"></status>
</kw>
<status status="PASS" starttime="20210524 22:38:41.338" endtime="20210524 22:38:41.339"></status>
</kw>
<kw name="${count} = 5.0" type="foritem">
<kw name="Evaluate" library="BuiltIn">
<doc>Evaluates the given expression in Python and returns the results.</doc>
<arguments>
<arg>${sum}+${count}</arg>
</arguments>
<assign>
<var>${sum}</var>
</assign>
<msg timestamp="20210524 22:38:41.339" level="TRACE">Arguments: [ '6.0+5.0' ]</msg>
<msg timestamp="20210524 22:38:41.339" level="TRACE">Return: 11.0</msg>
<msg timestamp="20210524 22:38:41.339" level="INFO">${sum} = 11.0</msg>
<status status="PASS" starttime="20210524 22:38:41.339" endtime="20210524 22:38:41.339"></status>
</kw>
<status status="PASS" starttime="20210524 22:38:41.339" endtime="20210524 22:38:41.339"></status>
</kw>
<kw name="${count} = 1.0" type="foritem">
<kw name="Evaluate" library="BuiltIn">
<doc>Evaluates the given expression in Python and returns the results.</doc>
<arguments>
<arg>${sum}+${count}</arg>
</arguments>
<assign>
<var>${sum}</var>
</assign>
<msg timestamp="20210524 22:38:41.340" level="TRACE">Arguments: [ '11.0+1.0' ]</msg>
<msg timestamp="20210524 22:38:41.340" level="TRACE">Return: 12.0</msg>
<msg timestamp="20210524 22:38:41.340" level="INFO">${sum} = 12.0</msg>
<status status="PASS" starttime="20210524 22:38:41.339" endtime="20210524 22:38:41.340"></status>
</kw>
<status status="PASS" starttime="20210524 22:38:41.339" endtime="20210524 22:38:41.340"></status>
</kw>
<kw name="${count} = 0.0" type="foritem">
<kw name="Evaluate" library="BuiltIn">
<doc>Evaluates the given expression in Python and returns the results.</doc>
<arguments>
<arg>${sum}+${count}</arg>
</arguments>
<assign>
<var>${sum}</var>
</assign>
<msg timestamp="20210524 22:38:41.340" level="TRACE">Arguments: [ '12.0+0.0' ]</msg>
<msg timestamp="20210524 22:38:41.340" level="TRACE">Return: 12.0</msg>
<msg timestamp="20210524 22:38:41.340" level="INFO">${sum} = 12.0</msg>
<status status="PASS" starttime="20210524 22:38:41.340" endtime="20210524 22:38:41.340"></status>
</kw>
<status status="PASS" starttime="20210524 22:38:41.340" endtime="20210524 22:38:41.340"></status>
</kw>
<kw name="${count} = -1.0" type="foritem">
<kw name="Evaluate" library="BuiltIn">
<doc>Evaluates the given expression in Python and returns the results.</doc>
<arguments>
<arg>${sum}+${count}</arg>
</arguments>
<assign>
<var>${sum}</var>
</assign>
<msg timestamp="20210524 22:38:41.340" level="TRACE">Arguments: [ '12.0+-1.0' ]</msg>
<msg timestamp="20210524 22:38:41.341" level="TRACE">Return: 11.0</msg>
<msg timestamp="20210524 22:38:41.341" level="INFO">${sum} = 11.0</msg>
<status status="PASS" starttime="20210524 22:38:41.340" endtime="20210524 22:38:41.341"></status>
</kw>
<status status="PASS" starttime="20210524 22:38:41.340" endtime="20210524 22:38:41.341"></status>
</kw>
<kw name="${count} = 10.0" type="foritem">
<kw name="Evaluate" library="BuiltIn">
<doc>Evaluates the given expression in Python and returns the results.</doc>
<arguments>
<arg>${sum}+${count}</arg>
</arguments>
<assign>
<var>${sum}</var>
</assign>
<msg timestamp="20210524 22:38:41.341" level="TRACE">Arguments: [ '11.0+10.0' ]</msg>
<msg timestamp="20210524 22:38:41.341" level="TRACE">Return: 21.0</msg>
<msg timestamp="20210524 22:38:41.341" level="INFO">${sum} = 21.0</msg>
<status status="PASS" starttime="20210524 22:38:41.341" endtime="20210524 22:38:41.341"></status>
</kw>
<status status="PASS" starttime="20210524 22:38:41.341" endtime="20210524 22:38:41.341"></status>
</kw>
<status status="PASS" starttime="20210524 22:38:41.337" endtime="20210524 22:38:41.341"></status>
</kw>
<kw name="Log" library="BuiltIn">
<doc>Logs the given message with the given level.</doc>
<arguments>
<arg>${sum}</arg>
</arguments>
<msg timestamp="20210524 22:38:41.341" level="TRACE">Arguments: [ 21.0 ]</msg>
<msg timestamp="20210524 22:38:41.341" level="INFO">21.0</msg>
<msg timestamp="20210524 22:38:41.341" level="TRACE">Return: None</msg>
<status status="PASS" starttime="20210524 22:38:41.341" endtime="20210524 22:38:41.341"></status>
</kw>
<status status="PASS" starttime="20210524 22:38:41.329" endtime="20210524 22:38:41.341" critical="yes"></status>
</test>
<test id="s1-s1-t4" name="Cel to far">
<kw name="Convert to int">
<arguments>
<arg>${tempCel}</arg>
</arguments>
<assign>
<var>@{trgTempCel}</var>
</assign>
<msg timestamp="20210524 22:38:41.342" level="TRACE">Arguments: [ ${list1}=['0', '350', '-32', '100'] ]</msg>
<kw name="Create List" library="BuiltIn">
<doc>Returns a list containing given items.</doc>
<assign>
<var>@{list2}</var>
</assign>
<msg timestamp="20210524 22:38:41.342" level="TRACE">Arguments: [  ]</msg>
<msg timestamp="20210524 22:38:41.342" level="TRACE">Return: []</msg>
<msg timestamp="20210524 22:38:41.342" level="INFO">@{list2} = [ ]</msg>
<status status="PASS" starttime="20210524 22:38:41.342" endtime="20210524 22:38:41.342"></status>
</kw>
<kw name="Get Length" library="BuiltIn">
<doc>Returns and logs the length of the given item as an integer.</doc>
<arguments>
<arg>${list1}</arg>
</arguments>
<assign>
<var>${lngth}</var>
</assign>
<msg timestamp="20210524 22:38:41.342" level="TRACE">Arguments: [ ['0', '350', '-32', '100'] ]</msg>
<msg timestamp="20210524 22:38:41.343" level="INFO">Length is 4</msg>
<msg timestamp="20210524 22:38:41.343" level="TRACE">Return: 4</msg>
<msg timestamp="20210524 22:38:41.343" level="INFO">${lngth} = 4</msg>
<status status="PASS" starttime="20210524 22:38:41.342" endtime="20210524 22:38:41.343"></status>
</kw>
<kw name="${i} IN RANGE [ ${lngth} ]" type="for">
<kw name="${i} = 0" type="foritem">
<kw name="Convert To Number" library="BuiltIn">
<doc>Converts the given item to a floating point number.</doc>
<arguments>
<arg>${list1[${i}]}</arg>
</arguments>
<assign>
<var>${z}</var>
</assign>
<msg timestamp="20210524 22:38:41.343" level="TRACE">Arguments: [ '0' ]</msg>
<msg timestamp="20210524 22:38:41.343" level="DEBUG">Argument types are:
&lt;type 'unicode'&gt;</msg>
<msg timestamp="20210524 22:38:41.343" level="TRACE">Return: 0.0</msg>
<msg timestamp="20210524 22:38:41.343" level="INFO">${z} = 0.0</msg>
<status status="PASS" starttime="20210524 22:38:41.343" endtime="20210524 22:38:41.343"></status>
</kw>
<kw name="Append To List" library="Collections">
<doc>Adds ``values`` to the end of ``list``.</doc>
<arguments>
<arg>${list2}</arg>
<arg>${z}</arg>
</arguments>
<msg timestamp="20210524 22:38:41.343" level="TRACE">Arguments: [ [] | 0.0 ]</msg>
<msg timestamp="20210524 22:38:41.344" level="TRACE">Return: None</msg>
<status status="PASS" starttime="20210524 22:38:41.343" endtime="20210524 22:38:41.344"></status>
</kw>
<status status="PASS" starttime="20210524 22:38:41.343" endtime="20210524 22:38:41.344"></status>
</kw>
<kw name="${i} = 1" type="foritem">
<kw name="Convert To Number" library="BuiltIn">
<doc>Converts the given item to a floating point number.</doc>
<arguments>
<arg>${list1[${i}]}</arg>
</arguments>
<assign>
<var>${z}</var>
</assign>
<msg timestamp="20210524 22:38:41.344" level="TRACE">Arguments: [ '350' ]</msg>
<msg timestamp="20210524 22:38:41.344" level="DEBUG">Argument types are:
&lt;type 'unicode'&gt;</msg>
<msg timestamp="20210524 22:38:41.344" level="TRACE">Return: 350.0</msg>
<msg timestamp="20210524 22:38:41.344" level="INFO">${z} = 350.0</msg>
<status status="PASS" starttime="20210524 22:38:41.344" endtime="20210524 22:38:41.344"></status>
</kw>
<kw name="Append To List" library="Collections">
<doc>Adds ``values`` to the end of ``list``.</doc>
<arguments>
<arg>${list2}</arg>
<arg>${z}</arg>
</arguments>
<msg timestamp="20210524 22:38:41.344" level="TRACE">Arguments: [ [0.0] | 350.0 ]</msg>
<msg timestamp="20210524 22:38:41.344" level="TRACE">Return: None</msg>
<status status="PASS" starttime="20210524 22:38:41.344" endtime="20210524 22:38:41.344"></status>
</kw>
<status status="PASS" starttime="20210524 22:38:41.344" endtime="20210524 22:38:41.344"></status>
</kw>
<kw name="${i} = 2" type="foritem">
<kw name="Convert To Number" library="BuiltIn">
<doc>Converts the given item to a floating point number.</doc>
<arguments>
<arg>${list1[${i}]}</arg>
</arguments>
<assign>
<var>${z}</var>
</assign>
<msg timestamp="20210524 22:38:41.345" level="TRACE">Arguments: [ '-32' ]</msg>
<msg timestamp="20210524 22:38:41.345" level="DEBUG">Argument types are:
&lt;type 'unicode'&gt;</msg>
<msg timestamp="20210524 22:38:41.345" level="TRACE">Return: -32.0</msg>
<msg timestamp="20210524 22:38:41.345" level="INFO">${z} = -32.0</msg>
<status status="PASS" starttime="20210524 22:38:41.345" endtime="20210524 22:38:41.345"></status>
</kw>
<kw name="Append To List" library="Collections">
<doc>Adds ``values`` to the end of ``list``.</doc>
<arguments>
<arg>${list2}</arg>
<arg>${z}</arg>
</arguments>
<msg timestamp="20210524 22:38:41.345" level="TRACE">Arguments: [ [0.0, 350.0] | -32.0 ]</msg>
<msg timestamp="20210524 22:38:41.345" level="TRACE">Return: None</msg>
<status status="PASS" starttime="20210524 22:38:41.345" endtime="20210524 22:38:41.345"></status>
</kw>
<status status="PASS" starttime="20210524 22:38:41.345" endtime="20210524 22:38:41.345"></status>
</kw>
<kw name="${i} = 3" type="foritem">
<kw name="Convert To Number" library="BuiltIn">
<doc>Converts the given item to a floating point number.</doc>
<arguments>
<arg>${list1[${i}]}</arg>
</arguments>
<assign>
<var>${z}</var>
</assign>
<msg timestamp="20210524 22:38:41.346" level="TRACE">Arguments: [ '100' ]</msg>
<msg timestamp="20210524 22:38:41.346" level="DEBUG">Argument types are:
&lt;type 'unicode'&gt;</msg>
<msg timestamp="20210524 22:38:41.346" level="TRACE">Return: 100.0</msg>
<msg timestamp="20210524 22:38:41.346" level="INFO">${z} = 100.0</msg>
<status status="PASS" starttime="20210524 22:38:41.345" endtime="20210524 22:38:41.346"></status>
</kw>
<kw name="Append To List" library="Collections">
<doc>Adds ``values`` to the end of ``list``.</doc>
<arguments>
<arg>${list2}</arg>
<arg>${z}</arg>
</arguments>
<msg timestamp="20210524 22:38:41.346" level="TRACE">Arguments: [ [0.0, 350.0, -32.0] | 100.0 ]</msg>
<msg timestamp="20210524 22:38:41.346" level="TRACE">Return: None</msg>
<status status="PASS" starttime="20210524 22:38:41.346" endtime="20210524 22:38:41.346"></status>
</kw>
<status status="PASS" starttime="20210524 22:38:41.345" endtime="20210524 22:38:41.346"></status>
</kw>
<status status="PASS" starttime="20210524 22:38:41.343" endtime="20210524 22:38:41.346"></status>
</kw>
<msg timestamp="20210524 22:38:41.346" level="TRACE">Return: [0.0, 350.0, -32.0, 100.0]</msg>
<msg timestamp="20210524 22:38:41.346" level="INFO">@{trgTempCel} = [ 0.0 | 350.0 | -32.0 | 100.0 ]</msg>
<status status="PASS" starttime="20210524 22:38:41.342" endtime="20210524 22:38:41.346"></status>
</kw>
<kw name="Convert to int">
<arguments>
<arg>${tempFar}</arg>
</arguments>
<assign>
<var>@{trgTempFar}</var>
</assign>
<msg timestamp="20210524 22:38:41.347" level="TRACE">Arguments: [ ${list1}=['32', '662', '-25.6', '212'] ]</msg>
<kw name="Create List" library="BuiltIn">
<doc>Returns a list containing given items.</doc>
<assign>
<var>@{list2}</var>
</assign>
<msg timestamp="20210524 22:38:41.347" level="TRACE">Arguments: [  ]</msg>
<msg timestamp="20210524 22:38:41.347" level="TRACE">Return: []</msg>
<msg timestamp="20210524 22:38:41.347" level="INFO">@{list2} = [ ]</msg>
<status status="PASS" starttime="20210524 22:38:41.347" endtime="20210524 22:38:41.347"></status>
</kw>
<kw name="Get Length" library="BuiltIn">
<doc>Returns and logs the length of the given item as an integer.</doc>
<arguments>
<arg>${list1}</arg>
</arguments>
<assign>
<var>${lngth}</var>
</assign>
<msg timestamp="20210524 22:38:41.347" level="TRACE">Arguments: [ ['32', '662', '-25.6', '212'] ]</msg>
<msg timestamp="20210524 22:38:41.347" level="INFO">Length is 4</msg>
<msg timestamp="20210524 22:38:41.347" level="TRACE">Return: 4</msg>
<msg timestamp="20210524 22:38:41.347" level="INFO">${lngth} = 4</msg>
<status status="PASS" starttime="20210524 22:38:41.347" endtime="20210524 22:38:41.347"></status>
</kw>
<kw name="${i} IN RANGE [ ${lngth} ]" type="for">
<kw name="${i} = 0" type="foritem">
<kw name="Convert To Number" library="BuiltIn">
<doc>Converts the given item to a floating point number.</doc>
<arguments>
<arg>${list1[${i}]}</arg>
</arguments>
<assign>
<var>${z}</var>
</assign>
<msg timestamp="20210524 22:38:41.348" level="TRACE">Arguments: [ '32' ]</msg>
<msg timestamp="20210524 22:38:41.348" level="DEBUG">Argument types are:
&lt;type 'unicode'&gt;</msg>
<msg timestamp="20210524 22:38:41.348" level="TRACE">Return: 32.0</msg>
<msg timestamp="20210524 22:38:41.348" level="INFO">${z} = 32.0</msg>
<status status="PASS" starttime="20210524 22:38:41.347" endtime="20210524 22:38:41.348"></status>
</kw>
<kw name="Append To List" library="Collections">
<doc>Adds ``values`` to the end of ``list``.</doc>
<arguments>
<arg>${list2}</arg>
<arg>${z}</arg>
</arguments>
<msg timestamp="20210524 22:38:41.348" level="TRACE">Arguments: [ [] | 32.0 ]</msg>
<msg timestamp="20210524 22:38:41.348" level="TRACE">Return: None</msg>
<status status="PASS" starttime="20210524 22:38:41.348" endtime="20210524 22:38:41.348"></status>
</kw>
<status status="PASS" starttime="20210524 22:38:41.347" endtime="20210524 22:38:41.348"></status>
</kw>
<kw name="${i} = 1" type="foritem">
<kw name="Convert To Number" library="BuiltIn">
<doc>Converts the given item to a floating point number.</doc>
<arguments>
<arg>${list1[${i}]}</arg>
</arguments>
<assign>
<var>${z}</var>
</assign>
<msg timestamp="20210524 22:38:41.349" level="TRACE">Arguments: [ '662' ]</msg>
<msg timestamp="20210524 22:38:41.349" level="DEBUG">Argument types are:
&lt;type 'unicode'&gt;</msg>
<msg timestamp="20210524 22:38:41.349" level="TRACE">Return: 662.0</msg>
<msg timestamp="20210524 22:38:41.349" level="INFO">${z} = 662.0</msg>
<status status="PASS" starttime="20210524 22:38:41.348" endtime="20210524 22:38:41.349"></status>
</kw>
<kw name="Append To List" library="Collections">
<doc>Adds ``values`` to the end of ``list``.</doc>
<arguments>
<arg>${list2}</arg>
<arg>${z}</arg>
</arguments>
<msg timestamp="20210524 22:38:41.349" level="TRACE">Arguments: [ [32.0] | 662.0 ]</msg>
<msg timestamp="20210524 22:38:41.349" level="TRACE">Return: None</msg>
<status status="PASS" starttime="20210524 22:38:41.349" endtime="20210524 22:38:41.349"></status>
</kw>
<status status="PASS" starttime="20210524 22:38:41.348" endtime="20210524 22:38:41.349"></status>
</kw>
<kw name="${i} = 2" type="foritem">
<kw name="Convert To Number" library="BuiltIn">
<doc>Converts the given item to a floating point number.</doc>
<arguments>
<arg>${list1[${i}]}</arg>
</arguments>
<assign>
<var>${z}</var>
</assign>
<msg timestamp="20210524 22:38:41.350" level="TRACE">Arguments: [ '-25.6' ]</msg>
<msg timestamp="20210524 22:38:41.350" level="DEBUG">Argument types are:
&lt;type 'unicode'&gt;</msg>
<msg timestamp="20210524 22:38:41.350" level="TRACE">Return: -25.6</msg>
<msg timestamp="20210524 22:38:41.350" level="INFO">${z} = -25.6</msg>
<status status="PASS" starttime="20210524 22:38:41.349" endtime="20210524 22:38:41.350"></status>
</kw>
<kw name="Append To List" library="Collections">
<doc>Adds ``values`` to the end of ``list``.</doc>
<arguments>
<arg>${list2}</arg>
<arg>${z}</arg>
</arguments>
<msg timestamp="20210524 22:38:41.350" level="TRACE">Arguments: [ [32.0, 662.0] | -25.6 ]</msg>
<msg timestamp="20210524 22:38:41.350" level="TRACE">Return: None</msg>
<status status="PASS" starttime="20210524 22:38:41.350" endtime="20210524 22:38:41.350"></status>
</kw>
<status status="PASS" starttime="20210524 22:38:41.349" endtime="20210524 22:38:41.350"></status>
</kw>
<kw name="${i} = 3" type="foritem">
<kw name="Convert To Number" library="BuiltIn">
<doc>Converts the given item to a floating point number.</doc>
<arguments>
<arg>${list1[${i}]}</arg>
</arguments>
<assign>
<var>${z}</var>
</assign>
<msg timestamp="20210524 22:38:41.351" level="TRACE">Arguments: [ '212' ]</msg>
<msg timestamp="20210524 22:38:41.351" level="DEBUG">Argument types are:
&lt;type 'unicode'&gt;</msg>
<msg timestamp="20210524 22:38:41.351" level="TRACE">Return: 212.0</msg>
<msg timestamp="20210524 22:38:41.351" level="INFO">${z} = 212.0</msg>
<status status="PASS" starttime="20210524 22:38:41.350" endtime="20210524 22:38:41.351"></status>
</kw>
<kw name="Append To List" library="Collections">
<doc>Adds ``values`` to the end of ``list``.</doc>
<arguments>
<arg>${list2}</arg>
<arg>${z}</arg>
</arguments>
<msg timestamp="20210524 22:38:41.351" level="TRACE">Arguments: [ [32.0, 662.0, -25.6] | 212.0 ]</msg>
<msg timestamp="20210524 22:38:41.351" level="TRACE">Return: None</msg>
<status status="PASS" starttime="20210524 22:38:41.351" endtime="20210524 22:38:41.351"></status>
</kw>
<status status="PASS" starttime="20210524 22:38:41.350" endtime="20210524 22:38:41.351"></status>
</kw>
<status status="PASS" starttime="20210524 22:38:41.347" endtime="20210524 22:38:41.351"></status>
</kw>
<msg timestamp="20210524 22:38:41.351" level="TRACE">Return: [32.0, 662.0, -25.6, 212.0]</msg>
<msg timestamp="20210524 22:38:41.351" level="INFO">@{trgTempFar} = [ 32.0 | 662.0 | -25.6 | 212.0 ]</msg>
<status status="PASS" starttime="20210524 22:38:41.346" endtime="20210524 22:38:41.351"></status>
</kw>
<kw name="Create List" library="BuiltIn">
<doc>Returns a list containing given items.</doc>
<arguments>
<arg>${trgTempCel}</arg>
<arg>${trgTempFar}</arg>
</arguments>
<assign>
<var>@{trgTemp}</var>
</assign>
<msg timestamp="20210524 22:38:41.351" level="TRACE">Arguments: [ [0.0, 350.0, -32.0, 100.0] | [32.0, 662.0, -25.6, 212.0] ]</msg>
<msg timestamp="20210524 22:38:41.352" level="TRACE">Return: [[0.0, 350.0, -32.0, 100.0], [32.0, 662.0, -25.6, 212.0]]</msg>
<msg timestamp="20210524 22:38:41.352" level="INFO">@{trgTemp} = [ [0.0, 350.0, -32.0, 100.0] | [32.0, 662.0, -25.6, 212.0] ]</msg>
<status status="PASS" starttime="20210524 22:38:41.351" endtime="20210524 22:38:41.352"></status>
</kw>
<kw name="Get Length" library="BuiltIn">
<doc>Returns and logs the length of the given item as an integer.</doc>
<arguments>
<arg>${trgTemp[0]}</arg>
</arguments>
<assign>
<var>${length}</var>
</assign>
<msg timestamp="20210524 22:38:41.352" level="TRACE">Arguments: [ [0.0, 350.0, -32.0, 100.0] ]</msg>
<msg timestamp="20210524 22:38:41.352" level="INFO">Length is 4</msg>
<msg timestamp="20210524 22:38:41.352" level="TRACE">Return: 4</msg>
<msg timestamp="20210524 22:38:41.352" level="INFO">${length} = 4</msg>
<status status="PASS" starttime="20210524 22:38:41.352" endtime="20210524 22:38:41.352"></status>
</kw>
<kw name="${i} IN RANGE [ ${length} ]" type="for">
<kw name="${i} = 0" type="foritem">
<kw name="Convert temp">
<arguments>
<arg>${trgTemp[0][${i}]}</arg>
<arg>${trgTemp[1][${i}]}</arg>
</arguments>
<msg timestamp="20210524 22:38:41.353" level="TRACE">Arguments: [ ${c}=0.0 | ${f}=32.0 ]</msg>
<kw name="Evaluate" library="BuiltIn">
<doc>Evaluates the given expression in Python and returns the results.</doc>
<arguments>
<arg>9/5*${c}+32</arg>
</arguments>
<assign>
<var>${x}</var>
</assign>
<msg timestamp="20210524 22:38:41.353" level="TRACE">Arguments: [ '9/5*0.0+32' ]</msg>
<msg timestamp="20210524 22:38:41.353" level="TRACE">Return: 32.0</msg>
<msg timestamp="20210524 22:38:41.353" level="INFO">${x} = 32.0</msg>
<status status="PASS" starttime="20210524 22:38:41.353" endtime="20210524 22:38:41.353"></status>
</kw>
<kw name="Should Be Equal As Numbers" library="BuiltIn">
<doc>Fails if objects are unequal after converting them to real numbers.</doc>
<arguments>
<arg>${f}</arg>
<arg>${x}</arg>
</arguments>
<msg timestamp="20210524 22:38:41.353" level="TRACE">Arguments: [ 32.0 | 32.0 ]</msg>
<msg timestamp="20210524 22:38:41.353" level="DEBUG">Argument types are:
&lt;class 'float'&gt;
&lt;class 'float'&gt;</msg>
<msg timestamp="20210524 22:38:41.353" level="TRACE">Return: None</msg>
<status status="PASS" starttime="20210524 22:38:41.353" endtime="20210524 22:38:41.353"></status>
</kw>
<msg timestamp="20210524 22:38:41.353" level="TRACE">Return: None</msg>
<status status="PASS" starttime="20210524 22:38:41.352" endtime="20210524 22:38:41.353"></status>
</kw>
<status status="PASS" starttime="20210524 22:38:41.352" endtime="20210524 22:38:41.354"></status>
</kw>
<kw name="${i} = 1" type="foritem">
<kw name="Convert temp">
<arguments>
<arg>${trgTemp[0][${i}]}</arg>
<arg>${trgTemp[1][${i}]}</arg>
</arguments>
<msg timestamp="20210524 22:38:41.354" level="TRACE">Arguments: [ ${c}=350.0 | ${f}=662.0 ]</msg>
<kw name="Evaluate" library="BuiltIn">
<doc>Evaluates the given expression in Python and returns the results.</doc>
<arguments>
<arg>9/5*${c}+32</arg>
</arguments>
<assign>
<var>${x}</var>
</assign>
<msg timestamp="20210524 22:38:41.354" level="TRACE">Arguments: [ '9/5*350.0+32' ]</msg>
<msg timestamp="20210524 22:38:41.354" level="TRACE">Return: 662.0</msg>
<msg timestamp="20210524 22:38:41.354" level="INFO">${x} = 662.0</msg>
<status status="PASS" starttime="20210524 22:38:41.354" endtime="20210524 22:38:41.354"></status>
</kw>
<kw name="Should Be Equal As Numbers" library="BuiltIn">
<doc>Fails if objects are unequal after converting them to real numbers.</doc>
<arguments>
<arg>${f}</arg>
<arg>${x}</arg>
</arguments>
<msg timestamp="20210524 22:38:41.355" level="TRACE">Arguments: [ 662.0 | 662.0 ]</msg>
<msg timestamp="20210524 22:38:41.355" level="DEBUG">Argument types are:
&lt;class 'float'&gt;
&lt;class 'float'&gt;</msg>
<msg timestamp="20210524 22:38:41.355" level="TRACE">Return: None</msg>
<status status="PASS" starttime="20210524 22:38:41.354" endtime="20210524 22:38:41.355"></status>
</kw>
<msg timestamp="20210524 22:38:41.355" level="TRACE">Return: None</msg>
<status status="PASS" starttime="20210524 22:38:41.354" endtime="20210524 22:38:41.355"></status>
</kw>
<status status="PASS" starttime="20210524 22:38:41.354" endtime="20210524 22:38:41.355"></status>
</kw>
<kw name="${i} = 2" type="foritem">
<kw name="Convert temp">
<arguments>
<arg>${trgTemp[0][${i}]}</arg>
<arg>${trgTemp[1][${i}]}</arg>
</arguments>
<msg timestamp="20210524 22:38:41.355" level="TRACE">Arguments: [ ${c}=-32.0 | ${f}=-25.6 ]</msg>
<kw name="Evaluate" library="BuiltIn">
<doc>Evaluates the given expression in Python and returns the results.</doc>
<arguments>
<arg>9/5*${c}+32</arg>
</arguments>
<assign>
<var>${x}</var>
</assign>
<msg timestamp="20210524 22:38:41.356" level="TRACE">Arguments: [ '9/5*-32.0+32' ]</msg>
<msg timestamp="20210524 22:38:41.356" level="TRACE">Return: -25.6</msg>
<msg timestamp="20210524 22:38:41.356" level="INFO">${x} = -25.6</msg>
<status status="PASS" starttime="20210524 22:38:41.355" endtime="20210524 22:38:41.356"></status>
</kw>
<kw name="Should Be Equal As Numbers" library="BuiltIn">
<doc>Fails if objects are unequal after converting them to real numbers.</doc>
<arguments>
<arg>${f}</arg>
<arg>${x}</arg>
</arguments>
<msg timestamp="20210524 22:38:41.356" level="TRACE">Arguments: [ -25.6 | -25.6 ]</msg>
<msg timestamp="20210524 22:38:41.356" level="DEBUG">Argument types are:
&lt;class 'float'&gt;
&lt;class 'float'&gt;</msg>
<msg timestamp="20210524 22:38:41.356" level="TRACE">Return: None</msg>
<status status="PASS" starttime="20210524 22:38:41.356" endtime="20210524 22:38:41.356"></status>
</kw>
<msg timestamp="20210524 22:38:41.356" level="TRACE">Return: None</msg>
<status status="PASS" starttime="20210524 22:38:41.355" endtime="20210524 22:38:41.356"></status>
</kw>
<status status="PASS" starttime="20210524 22:38:41.355" endtime="20210524 22:38:41.356"></status>
</kw>
<kw name="${i} = 3" type="foritem">
<kw name="Convert temp">
<arguments>
<arg>${trgTemp[0][${i}]}</arg>
<arg>${trgTemp[1][${i}]}</arg>
</arguments>
<msg timestamp="20210524 22:38:41.357" level="TRACE">Arguments: [ ${c}=100.0 | ${f}=212.0 ]</msg>
<kw name="Evaluate" library="BuiltIn">
<doc>Evaluates the given expression in Python and returns the results.</doc>
<arguments>
<arg>9/5*${c}+32</arg>
</arguments>
<assign>
<var>${x}</var>
</assign>
<msg timestamp="20210524 22:38:41.357" level="TRACE">Arguments: [ '9/5*100.0+32' ]</msg>
<msg timestamp="20210524 22:38:41.357" level="TRACE">Return: 212.0</msg>
<msg timestamp="20210524 22:38:41.357" level="INFO">${x} = 212.0</msg>
<status status="PASS" starttime="20210524 22:38:41.357" endtime="20210524 22:38:41.357"></status>
</kw>
<kw name="Should Be Equal As Numbers" library="BuiltIn">
<doc>Fails if objects are unequal after converting them to real numbers.</doc>
<arguments>
<arg>${f}</arg>
<arg>${x}</arg>
</arguments>
<msg timestamp="20210524 22:38:41.357" level="TRACE">Arguments: [ 212.0 | 212.0 ]</msg>
<msg timestamp="20210524 22:38:41.358" level="DEBUG">Argument types are:
&lt;class 'float'&gt;
&lt;class 'float'&gt;</msg>
<msg timestamp="20210524 22:38:41.358" level="TRACE">Return: None</msg>
<status status="PASS" starttime="20210524 22:38:41.357" endtime="20210524 22:38:41.358"></status>
</kw>
<msg timestamp="20210524 22:38:41.358" level="TRACE">Return: None</msg>
<status status="PASS" starttime="20210524 22:38:41.357" endtime="20210524 22:38:41.358"></status>
</kw>
<status status="PASS" starttime="20210524 22:38:41.356" endtime="20210524 22:38:41.358"></status>
</kw>
<status status="PASS" starttime="20210524 22:38:41.352" endtime="20210524 22:38:41.358"></status>
</kw>
<status status="PASS" starttime="20210524 22:38:41.342" endtime="20210524 22:38:41.358" critical="yes"></status>
</test>
<doc>Suite description</doc>
<status status="PASS" starttime="20210524 22:38:41.298" endtime="20210524 22:38:41.358"></status>
</suite>
<status status="PASS" starttime="20210524 22:38:41.264" endtime="20210524 22:38:41.359"></status>
</suite>
<statistics>
<total>
<stat pass="4" fail="0">Critical Tests</stat>
<stat pass="4" fail="0">All Tests</stat>
</total>
<tag>
</tag>
<suite>
<stat pass="4" fail="0" id="s1" name="Venv">Venv</stat>
<stat pass="4" fail="0" id="s1-s1" name="Test1">Venv.Test1</stat>
</suite>
</statistics>
<errors>
</errors>
</robot>
