<?xml version="1.0" encoding="UTF-8"?>
<robot generator="Robot 3.1.2 (Python 3.8.2 on win32)" generated="20210524 21:36:39.583" rpa="false">
<suite id="s1" name="Test1" source="C:\Test cases\untitled1\Annatest\test1.robot">
<test id="s1-t1" name="Min and max">
<kw name="Convert to int">
<arguments>
<arg>${list}</arg>
</arguments>
<assign>
<var>@{trgList}</var>
</assign>
<kw name="Create List" library="BuiltIn">
<doc>Returns a list containing given items.</doc>
<assign>
<var>@{list2}</var>
</assign>
<msg timestamp="20210524 21:36:39.628" level="INFO">@{list2} = [ ]</msg>
<status status="PASS" starttime="20210524 21:36:39.628" endtime="20210524 21:36:39.628"></status>
</kw>
<kw name="Get Length" library="BuiltIn">
<doc>Returns and logs the length of the given item as an integer.</doc>
<arguments>
<arg>${list1}</arg>
</arguments>
<assign>
<var>${lngth}</var>
</assign>
<msg timestamp="20210524 21:36:39.628" level="INFO">Length is 8</msg>
<msg timestamp="20210524 21:36:39.628" level="INFO">${lngth} = 8</msg>
<status status="PASS" starttime="20210524 21:36:39.628" endtime="20210524 21:36:39.628"></status>
</kw>
<kw name="${i} IN RANGE [ ${lngth} ]" type="for">
<kw name="${i} = 0" type="foritem">
<kw name="Convert To Number" library="BuiltIn">
<doc>Converts the given item to a floating point number.</doc>
<arguments>
<arg>${list1[${i}]}</arg>
</arguments>
<assign>
<var>${z}</var>
</assign>
<msg timestamp="20210524 21:36:39.629" level="INFO">${z} = 1.0</msg>
<status status="PASS" starttime="20210524 21:36:39.629" endtime="20210524 21:36:39.629"></status>
</kw>
<kw name="Append To List" library="Collections">
<doc>Adds ``values`` to the end of ``list``.</doc>
<arguments>
<arg>${list2}</arg>
<arg>${z}</arg>
</arguments>
<status status="PASS" starttime="20210524 21:36:39.629" endtime="20210524 21:36:39.629"></status>
</kw>
<status status="PASS" starttime="20210524 21:36:39.628" endtime="20210524 21:36:39.629"></status>
</kw>
<kw name="${i} = 1" type="foritem">
<kw name="Convert To Number" library="BuiltIn">
<doc>Converts the given item to a floating point number.</doc>
<arguments>
<arg>${list1[${i}]}</arg>
</arguments>
<assign>
<var>${z}</var>
</assign>
<msg timestamp="20210524 21:36:39.630" level="INFO">${z} = 2.0</msg>
<status status="PASS" starttime="20210524 21:36:39.629" endtime="20210524 21:36:39.630"></status>
</kw>
<kw name="Append To List" library="Collections">
<doc>Adds ``values`` to the end of ``list``.</doc>
<arguments>
<arg>${list2}</arg>
<arg>${z}</arg>
</arguments>
<status status="PASS" starttime="20210524 21:36:39.630" endtime="20210524 21:36:39.630"></status>
</kw>
<status status="PASS" starttime="20210524 21:36:39.629" endtime="20210524 21:36:39.630"></status>
</kw>
<kw name="${i} = 2" type="foritem">
<kw name="Convert To Number" library="BuiltIn">
<doc>Converts the given item to a floating point number.</doc>
<arguments>
<arg>${list1[${i}]}</arg>
</arguments>
<assign>
<var>${z}</var>
</assign>
<msg timestamp="20210524 21:36:39.630" level="INFO">${z} = 3.0</msg>
<status status="PASS" starttime="20210524 21:36:39.630" endtime="20210524 21:36:39.630"></status>
</kw>
<kw name="Append To List" library="Collections">
<doc>Adds ``values`` to the end of ``list``.</doc>
<arguments>
<arg>${list2}</arg>
<arg>${z}</arg>
</arguments>
<status status="PASS" starttime="20210524 21:36:39.631" endtime="20210524 21:36:39.631"></status>
</kw>
<status status="PASS" starttime="20210524 21:36:39.630" endtime="20210524 21:36:39.631"></status>
</kw>
<kw name="${i} = 3" type="foritem">
<kw name="Convert To Number" library="BuiltIn">
<doc>Converts the given item to a floating point number.</doc>
<arguments>
<arg>${list1[${i}]}</arg>
</arguments>
<assign>
<var>${z}</var>
</assign>
<msg timestamp="20210524 21:36:39.631" level="INFO">${z} = 5.0</msg>
<status status="PASS" starttime="20210524 21:36:39.631" endtime="20210524 21:36:39.631"></status>
</kw>
<kw name="Append To List" library="Collections">
<doc>Adds ``values`` to the end of ``list``.</doc>
<arguments>
<arg>${list2}</arg>
<arg>${z}</arg>
</arguments>
<status status="PASS" starttime="20210524 21:36:39.631" endtime="20210524 21:36:39.631"></status>
</kw>
<status status="PASS" starttime="20210524 21:36:39.631" endtime="20210524 21:36:39.631"></status>
</kw>
<kw name="${i} = 4" type="foritem">
<kw name="Convert To Number" library="BuiltIn">
<doc>Converts the given item to a floating point number.</doc>
<arguments>
<arg>${list1[${i}]}</arg>
</arguments>
<assign>
<var>${z}</var>
</assign>
<msg timestamp="20210524 21:36:39.632" level="INFO">${z} = 1.0</msg>
<status status="PASS" starttime="20210524 21:36:39.632" endtime="20210524 21:36:39.632"></status>
</kw>
<kw name="Append To List" library="Collections">
<doc>Adds ``values`` to the end of ``list``.</doc>
<arguments>
<arg>${list2}</arg>
<arg>${z}</arg>
</arguments>
<status status="PASS" starttime="20210524 21:36:39.632" endtime="20210524 21:36:39.632"></status>
</kw>
<status status="PASS" starttime="20210524 21:36:39.631" endtime="20210524 21:36:39.632"></status>
</kw>
<kw name="${i} = 5" type="foritem">
<kw name="Convert To Number" library="BuiltIn">
<doc>Converts the given item to a floating point number.</doc>
<arguments>
<arg>${list1[${i}]}</arg>
</arguments>
<assign>
<var>${z}</var>
</assign>
<msg timestamp="20210524 21:36:39.633" level="INFO">${z} = 0.0</msg>
<status status="PASS" starttime="20210524 21:36:39.632" endtime="20210524 21:36:39.633"></status>
</kw>
<kw name="Append To List" library="Collections">
<doc>Adds ``values`` to the end of ``list``.</doc>
<arguments>
<arg>${list2}</arg>
<arg>${z}</arg>
</arguments>
<status status="PASS" starttime="20210524 21:36:39.633" endtime="20210524 21:36:39.633"></status>
</kw>
<status status="PASS" starttime="20210524 21:36:39.632" endtime="20210524 21:36:39.633"></status>
</kw>
<kw name="${i} = 6" type="foritem">
<kw name="Convert To Number" library="BuiltIn">
<doc>Converts the given item to a floating point number.</doc>
<arguments>
<arg>${list1[${i}]}</arg>
</arguments>
<assign>
<var>${z}</var>
</assign>
<msg timestamp="20210524 21:36:39.633" level="INFO">${z} = -1.0</msg>
<status status="PASS" starttime="20210524 21:36:39.633" endtime="20210524 21:36:39.633"></status>
</kw>
<kw name="Append To List" library="Collections">
<doc>Adds ``values`` to the end of ``list``.</doc>
<arguments>
<arg>${list2}</arg>
<arg>${z}</arg>
</arguments>
<status status="PASS" starttime="20210524 21:36:39.633" endtime="20210524 21:36:39.633"></status>
</kw>
<status status="PASS" starttime="20210524 21:36:39.633" endtime="20210524 21:36:39.634"></status>
</kw>
<kw name="${i} = 7" type="foritem">
<kw name="Convert To Number" library="BuiltIn">
<doc>Converts the given item to a floating point number.</doc>
<arguments>
<arg>${list1[${i}]}</arg>
</arguments>
<assign>
<var>${z}</var>
</assign>
<msg timestamp="20210524 21:36:39.634" level="INFO">${z} = 10.0</msg>
<status status="PASS" starttime="20210524 21:36:39.634" endtime="20210524 21:36:39.634"></status>
</kw>
<kw name="Append To List" library="Collections">
<doc>Adds ``values`` to the end of ``list``.</doc>
<arguments>
<arg>${list2}</arg>
<arg>${z}</arg>
</arguments>
<status status="PASS" starttime="20210524 21:36:39.634" endtime="20210524 21:36:39.634"></status>
</kw>
<status status="PASS" starttime="20210524 21:36:39.634" endtime="20210524 21:36:39.634"></status>
</kw>
<status status="PASS" starttime="20210524 21:36:39.628" endtime="20210524 21:36:39.634"></status>
</kw>
<msg timestamp="20210524 21:36:39.634" level="INFO">@{trgList} = [ 1.0 | 2.0 | 3.0 | 5.0 | 1.0 | 0.0 | -1.0 | 10.0 ]</msg>
<status status="PASS" starttime="20210524 21:36:39.627" endtime="20210524 21:36:39.634"></status>
</kw>
<kw name="Evaluate" library="BuiltIn">
<doc>Evaluates the given expression in Python and returns the results.</doc>
<arguments>
<arg>max($trgList)</arg>
</arguments>
<assign>
<var>${max}</var>
</assign>
<msg timestamp="20210524 21:36:39.639" level="INFO">${max} = 10.0</msg>
<status status="PASS" starttime="20210524 21:36:39.635" endtime="20210524 21:36:39.639"></status>
</kw>
<kw name="Evaluate" library="BuiltIn">
<doc>Evaluates the given expression in Python and returns the results.</doc>
<arguments>
<arg>min($trgList)</arg>
</arguments>
<assign>
<var>${min}</var>
</assign>
<msg timestamp="20210524 21:36:39.641" level="INFO">${min} = -1.0</msg>
<status status="PASS" starttime="20210524 21:36:39.640" endtime="20210524 21:36:39.641"></status>
</kw>
<kw name="Log" library="BuiltIn">
<doc>Logs the given message with the given level.</doc>
<arguments>
<arg>${max}</arg>
</arguments>
<msg timestamp="20210524 21:36:39.642" level="INFO">10.0</msg>
<status status="PASS" starttime="20210524 21:36:39.642" endtime="20210524 21:36:39.642"></status>
</kw>
<kw name="Log" library="BuiltIn">
<doc>Logs the given message with the given level.</doc>
<arguments>
<arg>${min}</arg>
</arguments>
<msg timestamp="20210524 21:36:39.643" level="INFO">-1.0</msg>
<status status="PASS" starttime="20210524 21:36:39.642" endtime="20210524 21:36:39.643"></status>
</kw>
<status status="PASS" starttime="20210524 21:36:39.627" endtime="20210524 21:36:39.643" critical="yes"></status>
</test>
<test id="s1-t2" name="Unique variables">
<kw name="Convert to int">
<arguments>
<arg>${list}</arg>
</arguments>
<assign>
<var>@{trgList}</var>
</assign>
<kw name="Create List" library="BuiltIn">
<doc>Returns a list containing given items.</doc>
<assign>
<var>@{list2}</var>
</assign>
<msg timestamp="20210524 21:36:39.651" level="INFO">@{list2} = [ ]</msg>
<status status="PASS" starttime="20210524 21:36:39.650" endtime="20210524 21:36:39.651"></status>
</kw>
<kw name="Get Length" library="BuiltIn">
<doc>Returns and logs the length of the given item as an integer.</doc>
<arguments>
<arg>${list1}</arg>
</arguments>
<assign>
<var>${lngth}</var>
</assign>
<msg timestamp="20210524 21:36:39.651" level="INFO">Length is 8</msg>
<msg timestamp="20210524 21:36:39.652" level="INFO">${lngth} = 8</msg>
<status status="PASS" starttime="20210524 21:36:39.651" endtime="20210524 21:36:39.652"></status>
</kw>
<kw name="${i} IN RANGE [ ${lngth} ]" type="for">
<kw name="${i} = 0" type="foritem">
<kw name="Convert To Number" library="BuiltIn">
<doc>Converts the given item to a floating point number.</doc>
<arguments>
<arg>${list1[${i}]}</arg>
</arguments>
<assign>
<var>${z}</var>
</assign>
<msg timestamp="20210524 21:36:39.653" level="INFO">${z} = 1.0</msg>
<status status="PASS" starttime="20210524 21:36:39.652" endtime="20210524 21:36:39.653"></status>
</kw>
<kw name="Append To List" library="Collections">
<doc>Adds ``values`` to the end of ``list``.</doc>
<arguments>
<arg>${list2}</arg>
<arg>${z}</arg>
</arguments>
<status status="PASS" starttime="20210524 21:36:39.653" endtime="20210524 21:36:39.654"></status>
</kw>
<status status="PASS" starttime="20210524 21:36:39.652" endtime="20210524 21:36:39.654"></status>
</kw>
<kw name="${i} = 1" type="foritem">
<kw name="Convert To Number" library="BuiltIn">
<doc>Converts the given item to a floating point number.</doc>
<arguments>
<arg>${list1[${i}]}</arg>
</arguments>
<assign>
<var>${z}</var>
</assign>
<msg timestamp="20210524 21:36:39.655" level="INFO">${z} = 2.0</msg>
<status status="PASS" starttime="20210524 21:36:39.654" endtime="20210524 21:36:39.655"></status>
</kw>
<kw name="Append To List" library="Collections">
<doc>Adds ``values`` to the end of ``list``.</doc>
<arguments>
<arg>${list2}</arg>
<arg>${z}</arg>
</arguments>
<status status="PASS" starttime="20210524 21:36:39.655" endtime="20210524 21:36:39.656"></status>
</kw>
<status status="PASS" starttime="20210524 21:36:39.654" endtime="20210524 21:36:39.656"></status>
</kw>
<kw name="${i} = 2" type="foritem">
<kw name="Convert To Number" library="BuiltIn">
<doc>Converts the given item to a floating point number.</doc>
<arguments>
<arg>${list1[${i}]}</arg>
</arguments>
<assign>
<var>${z}</var>
</assign>
<msg timestamp="20210524 21:36:39.657" level="INFO">${z} = 3.0</msg>
<status status="PASS" starttime="20210524 21:36:39.656" endtime="20210524 21:36:39.657"></status>
</kw>
<kw name="Append To List" library="Collections">
<doc>Adds ``values`` to the end of ``list``.</doc>
<arguments>
<arg>${list2}</arg>
<arg>${z}</arg>
</arguments>
<status status="PASS" starttime="20210524 21:36:39.658" endtime="20210524 21:36:39.658"></status>
</kw>
<status status="PASS" starttime="20210524 21:36:39.656" endtime="20210524 21:36:39.658"></status>
</kw>
<kw name="${i} = 3" type="foritem">
<kw name="Convert To Number" library="BuiltIn">
<doc>Converts the given item to a floating point number.</doc>
<arguments>
<arg>${list1[${i}]}</arg>
</arguments>
<assign>
<var>${z}</var>
</assign>
<msg timestamp="20210524 21:36:39.660" level="INFO">${z} = 5.0</msg>
<status status="PASS" starttime="20210524 21:36:39.659" endtime="20210524 21:36:39.660"></status>
</kw>
<kw name="Append To List" library="Collections">
<doc>Adds ``values`` to the end of ``list``.</doc>
<arguments>
<arg>${list2}</arg>
<arg>${z}</arg>
</arguments>
<status status="PASS" starttime="20210524 21:36:39.660" endtime="20210524 21:36:39.660"></status>
</kw>
<status status="PASS" starttime="20210524 21:36:39.659" endtime="20210524 21:36:39.661"></status>
</kw>
<kw name="${i} = 4" type="foritem">
<kw name="Convert To Number" library="BuiltIn">
<doc>Converts the given item to a floating point number.</doc>
<arguments>
<arg>${list1[${i}]}</arg>
</arguments>
<assign>
<var>${z}</var>
</assign>
<msg timestamp="20210524 21:36:39.662" level="INFO">${z} = 1.0</msg>
<status status="PASS" starttime="20210524 21:36:39.661" endtime="20210524 21:36:39.662"></status>
</kw>
<kw name="Append To List" library="Collections">
<doc>Adds ``values`` to the end of ``list``.</doc>
<arguments>
<arg>${list2}</arg>
<arg>${z}</arg>
</arguments>
<status status="PASS" starttime="20210524 21:36:39.662" endtime="20210524 21:36:39.662"></status>
</kw>
<status status="PASS" starttime="20210524 21:36:39.661" endtime="20210524 21:36:39.662"></status>
</kw>
<kw name="${i} = 5" type="foritem">
<kw name="Convert To Number" library="BuiltIn">
<doc>Converts the given item to a floating point number.</doc>
<arguments>
<arg>${list1[${i}]}</arg>
</arguments>
<assign>
<var>${z}</var>
</assign>
<msg timestamp="20210524 21:36:39.663" level="INFO">${z} = 0.0</msg>
<status status="PASS" starttime="20210524 21:36:39.663" endtime="20210524 21:36:39.664"></status>
</kw>
<kw name="Append To List" library="Collections">
<doc>Adds ``values`` to the end of ``list``.</doc>
<arguments>
<arg>${list2}</arg>
<arg>${z}</arg>
</arguments>
<status status="PASS" starttime="20210524 21:36:39.664" endtime="20210524 21:36:39.664"></status>
</kw>
<status status="PASS" starttime="20210524 21:36:39.662" endtime="20210524 21:36:39.664"></status>
</kw>
<kw name="${i} = 6" type="foritem">
<kw name="Convert To Number" library="BuiltIn">
<doc>Converts the given item to a floating point number.</doc>
<arguments>
<arg>${list1[${i}]}</arg>
</arguments>
<assign>
<var>${z}</var>
</assign>
<msg timestamp="20210524 21:36:39.665" level="INFO">${z} = -1.0</msg>
<status status="PASS" starttime="20210524 21:36:39.665" endtime="20210524 21:36:39.665"></status>
</kw>
<kw name="Append To List" library="Collections">
<doc>Adds ``values`` to the end of ``list``.</doc>
<arguments>
<arg>${list2}</arg>
<arg>${z}</arg>
</arguments>
<status status="PASS" starttime="20210524 21:36:39.665" endtime="20210524 21:36:39.666"></status>
</kw>
<status status="PASS" starttime="20210524 21:36:39.664" endtime="20210524 21:36:39.666"></status>
</kw>
<kw name="${i} = 7" type="foritem">
<kw name="Convert To Number" library="BuiltIn">
<doc>Converts the given item to a floating point number.</doc>
<arguments>
<arg>${list1[${i}]}</arg>
</arguments>
<assign>
<var>${z}</var>
</assign>
<msg timestamp="20210524 21:36:39.667" level="INFO">${z} = 10.0</msg>
<status status="PASS" starttime="20210524 21:36:39.666" endtime="20210524 21:36:39.667"></status>
</kw>
<kw name="Append To List" library="Collections">
<doc>Adds ``values`` to the end of ``list``.</doc>
<arguments>
<arg>${list2}</arg>
<arg>${z}</arg>
</arguments>
<status status="PASS" starttime="20210524 21:36:39.668" endtime="20210524 21:36:39.668"></status>
</kw>
<status status="PASS" starttime="20210524 21:36:39.666" endtime="20210524 21:36:39.668"></status>
</kw>
<status status="PASS" starttime="20210524 21:36:39.652" endtime="20210524 21:36:39.668"></status>
</kw>
<msg timestamp="20210524 21:36:39.669" level="INFO">@{trgList} = [ 1.0 | 2.0 | 3.0 | 5.0 | 1.0 | 0.0 | -1.0 | 10.0 ]</msg>
<status status="PASS" starttime="20210524 21:36:39.650" endtime="20210524 21:36:39.669"></status>
</kw>
<kw name="Remove Duplicates" library="Collections">
<doc>Returns a list without duplicates based on the given ``list``.</doc>
<arguments>
<arg>${trgList}</arg>
</arguments>
<assign>
<var>${withoutDubl}</var>
</assign>
<msg timestamp="20210524 21:36:39.670" level="INFO">1 duplicate removed.</msg>
<msg timestamp="20210524 21:36:39.670" level="INFO">${withoutDubl} = [1.0, 2.0, 3.0, 5.0, 0.0, -1.0, 10.0]</msg>
<status status="PASS" starttime="20210524 21:36:39.670" endtime="20210524 21:36:39.670"></status>
</kw>
<kw name="Log" library="BuiltIn">
<doc>Logs the given message with the given level.</doc>
<arguments>
<arg>${withoutDubl}</arg>
</arguments>
<msg timestamp="20210524 21:36:39.672" level="INFO">[1.0, 2.0, 3.0, 5.0, 0.0, -1.0, 10.0]</msg>
<status status="PASS" starttime="20210524 21:36:39.672" endtime="20210524 21:36:39.672"></status>
</kw>
<status status="PASS" starttime="20210524 21:36:39.645" endtime="20210524 21:36:39.673" critical="yes"></status>
</test>
<test id="s1-t3" name="Sum of all">
<kw name="Convert to int">
<arguments>
<arg>${list}</arg>
</arguments>
<assign>
<var>@{trgList}</var>
</assign>
<kw name="Create List" library="BuiltIn">
<doc>Returns a list containing given items.</doc>
<assign>
<var>@{list2}</var>
</assign>
<msg timestamp="20210524 21:36:39.682" level="INFO">@{list2} = [ ]</msg>
<status status="PASS" starttime="20210524 21:36:39.681" endtime="20210524 21:36:39.682"></status>
</kw>
<kw name="Get Length" library="BuiltIn">
<doc>Returns and logs the length of the given item as an integer.</doc>
<arguments>
<arg>${list1}</arg>
</arguments>
<assign>
<var>${lngth}</var>
</assign>
<msg timestamp="20210524 21:36:39.682" level="INFO">Length is 8</msg>
<msg timestamp="20210524 21:36:39.683" level="INFO">${lngth} = 8</msg>
<status status="PASS" starttime="20210524 21:36:39.682" endtime="20210524 21:36:39.683"></status>
</kw>
<kw name="${i} IN RANGE [ ${lngth} ]" type="for">
<kw name="${i} = 0" type="foritem">
<kw name="Convert To Number" library="BuiltIn">
<doc>Converts the given item to a floating point number.</doc>
<arguments>
<arg>${list1[${i}]}</arg>
</arguments>
<assign>
<var>${z}</var>
</assign>
<msg timestamp="20210524 21:36:39.684" level="INFO">${z} = 1.0</msg>
<status status="PASS" starttime="20210524 21:36:39.683" endtime="20210524 21:36:39.684"></status>
</kw>
<kw name="Append To List" library="Collections">
<doc>Adds ``values`` to the end of ``list``.</doc>
<arguments>
<arg>${list2}</arg>
<arg>${z}</arg>
</arguments>
<status status="PASS" starttime="20210524 21:36:39.684" endtime="20210524 21:36:39.685"></status>
</kw>
<status status="PASS" starttime="20210524 21:36:39.683" endtime="20210524 21:36:39.685"></status>
</kw>
<kw name="${i} = 1" type="foritem">
<kw name="Convert To Number" library="BuiltIn">
<doc>Converts the given item to a floating point number.</doc>
<arguments>
<arg>${list1[${i}]}</arg>
</arguments>
<assign>
<var>${z}</var>
</assign>
<msg timestamp="20210524 21:36:39.686" level="INFO">${z} = 2.0</msg>
<status status="PASS" starttime="20210524 21:36:39.685" endtime="20210524 21:36:39.686"></status>
</kw>
<kw name="Append To List" library="Collections">
<doc>Adds ``values`` to the end of ``list``.</doc>
<arguments>
<arg>${list2}</arg>
<arg>${z}</arg>
</arguments>
<status status="PASS" starttime="20210524 21:36:39.686" endtime="20210524 21:36:39.686"></status>
</kw>
<status status="PASS" starttime="20210524 21:36:39.685" endtime="20210524 21:36:39.686"></status>
</kw>
<kw name="${i} = 2" type="foritem">
<kw name="Convert To Number" library="BuiltIn">
<doc>Converts the given item to a floating point number.</doc>
<arguments>
<arg>${list1[${i}]}</arg>
</arguments>
<assign>
<var>${z}</var>
</assign>
<msg timestamp="20210524 21:36:39.687" level="INFO">${z} = 3.0</msg>
<status status="PASS" starttime="20210524 21:36:39.687" endtime="20210524 21:36:39.688"></status>
</kw>
<kw name="Append To List" library="Collections">
<doc>Adds ``values`` to the end of ``list``.</doc>
<arguments>
<arg>${list2}</arg>
<arg>${z}</arg>
</arguments>
<status status="PASS" starttime="20210524 21:36:39.688" endtime="20210524 21:36:39.688"></status>
</kw>
<status status="PASS" starttime="20210524 21:36:39.686" endtime="20210524 21:36:39.688"></status>
</kw>
<kw name="${i} = 3" type="foritem">
<kw name="Convert To Number" library="BuiltIn">
<doc>Converts the given item to a floating point number.</doc>
<arguments>
<arg>${list1[${i}]}</arg>
</arguments>
<assign>
<var>${z}</var>
</assign>
<msg timestamp="20210524 21:36:39.689" level="INFO">${z} = 5.0</msg>
<status status="PASS" starttime="20210524 21:36:39.689" endtime="20210524 21:36:39.689"></status>
</kw>
<kw name="Append To List" library="Collections">
<doc>Adds ``values`` to the end of ``list``.</doc>
<arguments>
<arg>${list2}</arg>
<arg>${z}</arg>
</arguments>
<status status="PASS" starttime="20210524 21:36:39.690" endtime="20210524 21:36:39.690"></status>
</kw>
<status status="PASS" starttime="20210524 21:36:39.688" endtime="20210524 21:36:39.690"></status>
</kw>
<kw name="${i} = 4" type="foritem">
<kw name="Convert To Number" library="BuiltIn">
<doc>Converts the given item to a floating point number.</doc>
<arguments>
<arg>${list1[${i}]}</arg>
</arguments>
<assign>
<var>${z}</var>
</assign>
<msg timestamp="20210524 21:36:39.691" level="INFO">${z} = 1.0</msg>
<status status="PASS" starttime="20210524 21:36:39.690" endtime="20210524 21:36:39.691"></status>
</kw>
<kw name="Append To List" library="Collections">
<doc>Adds ``values`` to the end of ``list``.</doc>
<arguments>
<arg>${list2}</arg>
<arg>${z}</arg>
</arguments>
<status status="PASS" starttime="20210524 21:36:39.692" endtime="20210524 21:36:39.692"></status>
</kw>
<status status="PASS" starttime="20210524 21:36:39.690" endtime="20210524 21:36:39.692"></status>
</kw>
<kw name="${i} = 5" type="foritem">
<kw name="Convert To Number" library="BuiltIn">
<doc>Converts the given item to a floating point number.</doc>
<arguments>
<arg>${list1[${i}]}</arg>
</arguments>
<assign>
<var>${z}</var>
</assign>
<msg timestamp="20210524 21:36:39.693" level="INFO">${z} = 0.0</msg>
<status status="PASS" starttime="20210524 21:36:39.693" endtime="20210524 21:36:39.693"></status>
</kw>
<kw name="Append To List" library="Collections">
<doc>Adds ``values`` to the end of ``list``.</doc>
<arguments>
<arg>${list2}</arg>
<arg>${z}</arg>
</arguments>
<status status="PASS" starttime="20210524 21:36:39.693" endtime="20210524 21:36:39.694"></status>
</kw>
<status status="PASS" starttime="20210524 21:36:39.692" endtime="20210524 21:36:39.694"></status>
</kw>
<kw name="${i} = 6" type="foritem">
<kw name="Convert To Number" library="BuiltIn">
<doc>Converts the given item to a floating point number.</doc>
<arguments>
<arg>${list1[${i}]}</arg>
</arguments>
<assign>
<var>${z}</var>
</assign>
<msg timestamp="20210524 21:36:39.695" level="INFO">${z} = -1.0</msg>
<status status="PASS" starttime="20210524 21:36:39.694" endtime="20210524 21:36:39.695"></status>
</kw>
<kw name="Append To List" library="Collections">
<doc>Adds ``values`` to the end of ``list``.</doc>
<arguments>
<arg>${list2}</arg>
<arg>${z}</arg>
</arguments>
<status status="PASS" starttime="20210524 21:36:39.695" endtime="20210524 21:36:39.696"></status>
</kw>
<status status="PASS" starttime="20210524 21:36:39.694" endtime="20210524 21:36:39.696"></status>
</kw>
<kw name="${i} = 7" type="foritem">
<kw name="Convert To Number" library="BuiltIn">
<doc>Converts the given item to a floating point number.</doc>
<arguments>
<arg>${list1[${i}]}</arg>
</arguments>
<assign>
<var>${z}</var>
</assign>
<msg timestamp="20210524 21:36:39.697" level="INFO">${z} = 10.0</msg>
<status status="PASS" starttime="20210524 21:36:39.696" endtime="20210524 21:36:39.697"></status>
</kw>
<kw name="Append To List" library="Collections">
<doc>Adds ``values`` to the end of ``list``.</doc>
<arguments>
<arg>${list2}</arg>
<arg>${z}</arg>
</arguments>
<status status="PASS" starttime="20210524 21:36:39.697" endtime="20210524 21:36:39.698"></status>
</kw>
<status status="PASS" starttime="20210524 21:36:39.696" endtime="20210524 21:36:39.698"></status>
</kw>
<status status="PASS" starttime="20210524 21:36:39.683" endtime="20210524 21:36:39.698"></status>
</kw>
<msg timestamp="20210524 21:36:39.699" level="INFO">@{trgList} = [ 1.0 | 2.0 | 3.0 | 5.0 | 1.0 | 0.0 | -1.0 | 10.0 ]</msg>
<status status="PASS" starttime="20210524 21:36:39.680" endtime="20210524 21:36:39.699"></status>
</kw>
<kw name="Set Variable" library="BuiltIn">
<doc>Returns the given values which can then be assigned to a variables.</doc>
<arguments>
<arg>0</arg>
</arguments>
<assign>
<var>${sum}</var>
</assign>
<msg timestamp="20210524 21:36:39.700" level="INFO">${sum} = 0</msg>
<status status="PASS" starttime="20210524 21:36:39.699" endtime="20210524 21:36:39.700"></status>
</kw>
<kw name="${count} IN [ @{trgList} ]" type="for">
<kw name="${count} = 1.0" type="foritem">
<kw name="Evaluate" library="BuiltIn">
<doc>Evaluates the given expression in Python and returns the results.</doc>
<arguments>
<arg>${sum}+${count}</arg>
</arguments>
<assign>
<var>${sum}</var>
</assign>
<msg timestamp="20210524 21:36:39.702" level="INFO">${sum} = 1.0</msg>
<status status="PASS" starttime="20210524 21:36:39.701" endtime="20210524 21:36:39.702"></status>
</kw>
<status status="PASS" starttime="20210524 21:36:39.701" endtime="20210524 21:36:39.702"></status>
</kw>
<kw name="${count} = 2.0" type="foritem">
<kw name="Evaluate" library="BuiltIn">
<doc>Evaluates the given expression in Python and returns the results.</doc>
<arguments>
<arg>${sum}+${count}</arg>
</arguments>
<assign>
<var>${sum}</var>
</assign>
<msg timestamp="20210524 21:36:39.703" level="INFO">${sum} = 3.0</msg>
<status status="PASS" starttime="20210524 21:36:39.702" endtime="20210524 21:36:39.703"></status>
</kw>
<status status="PASS" starttime="20210524 21:36:39.702" endtime="20210524 21:36:39.703"></status>
</kw>
<kw name="${count} = 3.0" type="foritem">
<kw name="Evaluate" library="BuiltIn">
<doc>Evaluates the given expression in Python and returns the results.</doc>
<arguments>
<arg>${sum}+${count}</arg>
</arguments>
<assign>
<var>${sum}</var>
</assign>
<msg timestamp="20210524 21:36:39.704" level="INFO">${sum} = 6.0</msg>
<status status="PASS" starttime="20210524 21:36:39.703" endtime="20210524 21:36:39.704"></status>
</kw>
<status status="PASS" starttime="20210524 21:36:39.703" endtime="20210524 21:36:39.704"></status>
</kw>
<kw name="${count} = 5.0" type="foritem">
<kw name="Evaluate" library="BuiltIn">
<doc>Evaluates the given expression in Python and returns the results.</doc>
<arguments>
<arg>${sum}+${count}</arg>
</arguments>
<assign>
<var>${sum}</var>
</assign>
<msg timestamp="20210524 21:36:39.705" level="INFO">${sum} = 11.0</msg>
<status status="PASS" starttime="20210524 21:36:39.704" endtime="20210524 21:36:39.705"></status>
</kw>
<status status="PASS" starttime="20210524 21:36:39.704" endtime="20210524 21:36:39.705"></status>
</kw>
<kw name="${count} = 1.0" type="foritem">
<kw name="Evaluate" library="BuiltIn">
<doc>Evaluates the given expression in Python and returns the results.</doc>
<arguments>
<arg>${sum}+${count}</arg>
</arguments>
<assign>
<var>${sum}</var>
</assign>
<msg timestamp="20210524 21:36:39.707" level="INFO">${sum} = 12.0</msg>
<status status="PASS" starttime="20210524 21:36:39.706" endtime="20210524 21:36:39.707"></status>
</kw>
<status status="PASS" starttime="20210524 21:36:39.706" endtime="20210524 21:36:39.707"></status>
</kw>
<kw name="${count} = 0.0" type="foritem">
<kw name="Evaluate" library="BuiltIn">
<doc>Evaluates the given expression in Python and returns the results.</doc>
<arguments>
<arg>${sum}+${count}</arg>
</arguments>
<assign>
<var>${sum}</var>
</assign>
<msg timestamp="20210524 21:36:39.708" level="INFO">${sum} = 12.0</msg>
<status status="PASS" starttime="20210524 21:36:39.707" endtime="20210524 21:36:39.708"></status>
</kw>
<status status="PASS" starttime="20210524 21:36:39.707" endtime="20210524 21:36:39.709"></status>
</kw>
<kw name="${count} = -1.0" type="foritem">
<kw name="Evaluate" library="BuiltIn">
<doc>Evaluates the given expression in Python and returns the results.</doc>
<arguments>
<arg>${sum}+${count}</arg>
</arguments>
<assign>
<var>${sum}</var>
</assign>
<msg timestamp="20210524 21:36:39.710" level="INFO">${sum} = 11.0</msg>
<status status="PASS" starttime="20210524 21:36:39.709" endtime="20210524 21:36:39.710"></status>
</kw>
<status status="PASS" starttime="20210524 21:36:39.709" endtime="20210524 21:36:39.710"></status>
</kw>
<kw name="${count} = 10.0" type="foritem">
<kw name="Evaluate" library="BuiltIn">
<doc>Evaluates the given expression in Python and returns the results.</doc>
<arguments>
<arg>${sum}+${count}</arg>
</arguments>
<assign>
<var>${sum}</var>
</assign>
<msg timestamp="20210524 21:36:39.711" level="INFO">${sum} = 21.0</msg>
<status status="PASS" starttime="20210524 21:36:39.710" endtime="20210524 21:36:39.711"></status>
</kw>
<status status="PASS" starttime="20210524 21:36:39.710" endtime="20210524 21:36:39.711"></status>
</kw>
<status status="PASS" starttime="20210524 21:36:39.701" endtime="20210524 21:36:39.711"></status>
</kw>
<kw name="Log" library="BuiltIn">
<doc>Logs the given message with the given level.</doc>
<arguments>
<arg>${sum}</arg>
</arguments>
<msg timestamp="20210524 21:36:39.712" level="INFO">21.0</msg>
<status status="PASS" starttime="20210524 21:36:39.712" endtime="20210524 21:36:39.713"></status>
</kw>
<status status="PASS" starttime="20210524 21:36:39.678" endtime="20210524 21:36:39.714" critical="yes"></status>
</test>
<test id="s1-t4" name="Cel to far">
<kw name="Convert to int">
<arguments>
<arg>${tempCel}</arg>
</arguments>
<assign>
<var>@{trgTempCel}</var>
</assign>
<kw name="Create List" library="BuiltIn">
<doc>Returns a list containing given items.</doc>
<assign>
<var>@{list2}</var>
</assign>
<msg timestamp="20210524 21:36:39.719" level="INFO">@{list2} = [ ]</msg>
<status status="PASS" starttime="20210524 21:36:39.719" endtime="20210524 21:36:39.719"></status>
</kw>
<kw name="Get Length" library="BuiltIn">
<doc>Returns and logs the length of the given item as an integer.</doc>
<arguments>
<arg>${list1}</arg>
</arguments>
<assign>
<var>${lngth}</var>
</assign>
<msg timestamp="20210524 21:36:39.720" level="INFO">Length is 4</msg>
<msg timestamp="20210524 21:36:39.720" level="INFO">${lngth} = 4</msg>
<status status="PASS" starttime="20210524 21:36:39.720" endtime="20210524 21:36:39.720"></status>
</kw>
<kw name="${i} IN RANGE [ ${lngth} ]" type="for">
<kw name="${i} = 0" type="foritem">
<kw name="Convert To Number" library="BuiltIn">
<doc>Converts the given item to a floating point number.</doc>
<arguments>
<arg>${list1[${i}]}</arg>
</arguments>
<assign>
<var>${z}</var>
</assign>
<msg timestamp="20210524 21:36:39.722" level="INFO">${z} = 0.0</msg>
<status status="PASS" starttime="20210524 21:36:39.721" endtime="20210524 21:36:39.722"></status>
</kw>
<kw name="Append To List" library="Collections">
<doc>Adds ``values`` to the end of ``list``.</doc>
<arguments>
<arg>${list2}</arg>
<arg>${z}</arg>
</arguments>
<status status="PASS" starttime="20210524 21:36:39.722" endtime="20210524 21:36:39.723"></status>
</kw>
<status status="PASS" starttime="20210524 21:36:39.721" endtime="20210524 21:36:39.723"></status>
</kw>
<kw name="${i} = 1" type="foritem">
<kw name="Convert To Number" library="BuiltIn">
<doc>Converts the given item to a floating point number.</doc>
<arguments>
<arg>${list1[${i}]}</arg>
</arguments>
<assign>
<var>${z}</var>
</assign>
<msg timestamp="20210524 21:36:39.725" level="INFO">${z} = 350.0</msg>
<status status="PASS" starttime="20210524 21:36:39.724" endtime="20210524 21:36:39.725"></status>
</kw>
<kw name="Append To List" library="Collections">
<doc>Adds ``values`` to the end of ``list``.</doc>
<arguments>
<arg>${list2}</arg>
<arg>${z}</arg>
</arguments>
<status status="PASS" starttime="20210524 21:36:39.725" endtime="20210524 21:36:39.726"></status>
</kw>
<status status="PASS" starttime="20210524 21:36:39.723" endtime="20210524 21:36:39.726"></status>
</kw>
<kw name="${i} = 2" type="foritem">
<kw name="Convert To Number" library="BuiltIn">
<doc>Converts the given item to a floating point number.</doc>
<arguments>
<arg>${list1[${i}]}</arg>
</arguments>
<assign>
<var>${z}</var>
</assign>
<msg timestamp="20210524 21:36:39.727" level="INFO">${z} = -32.0</msg>
<status status="PASS" starttime="20210524 21:36:39.726" endtime="20210524 21:36:39.727"></status>
</kw>
<kw name="Append To List" library="Collections">
<doc>Adds ``values`` to the end of ``list``.</doc>
<arguments>
<arg>${list2}</arg>
<arg>${z}</arg>
</arguments>
<status status="PASS" starttime="20210524 21:36:39.728" endtime="20210524 21:36:39.728"></status>
</kw>
<status status="PASS" starttime="20210524 21:36:39.726" endtime="20210524 21:36:39.728"></status>
</kw>
<kw name="${i} = 3" type="foritem">
<kw name="Convert To Number" library="BuiltIn">
<doc>Converts the given item to a floating point number.</doc>
<arguments>
<arg>${list1[${i}]}</arg>
</arguments>
<assign>
<var>${z}</var>
</assign>
<msg timestamp="20210524 21:36:39.730" level="INFO">${z} = 100.0</msg>
<status status="PASS" starttime="20210524 21:36:39.729" endtime="20210524 21:36:39.730"></status>
</kw>
<kw name="Append To List" library="Collections">
<doc>Adds ``values`` to the end of ``list``.</doc>
<arguments>
<arg>${list2}</arg>
<arg>${z}</arg>
</arguments>
<status status="PASS" starttime="20210524 21:36:39.730" endtime="20210524 21:36:39.730"></status>
</kw>
<status status="PASS" starttime="20210524 21:36:39.729" endtime="20210524 21:36:39.730"></status>
</kw>
<status status="PASS" starttime="20210524 21:36:39.720" endtime="20210524 21:36:39.730"></status>
</kw>
<msg timestamp="20210524 21:36:39.731" level="INFO">@{trgTempCel} = [ 0.0 | 350.0 | -32.0 | 100.0 ]</msg>
<status status="PASS" starttime="20210524 21:36:39.718" endtime="20210524 21:36:39.731"></status>
</kw>
<kw name="Convert to int">
<arguments>
<arg>${tempFar}</arg>
</arguments>
<assign>
<var>@{trgTempFar}</var>
</assign>
<kw name="Create List" library="BuiltIn">
<doc>Returns a list containing given items.</doc>
<assign>
<var>@{list2}</var>
</assign>
<msg timestamp="20210524 21:36:39.733" level="INFO">@{list2} = [ ]</msg>
<status status="PASS" starttime="20210524 21:36:39.732" endtime="20210524 21:36:39.733"></status>
</kw>
<kw name="Get Length" library="BuiltIn">
<doc>Returns and logs the length of the given item as an integer.</doc>
<arguments>
<arg>${list1}</arg>
</arguments>
<assign>
<var>${lngth}</var>
</assign>
<msg timestamp="20210524 21:36:39.733" level="INFO">Length is 4</msg>
<msg timestamp="20210524 21:36:39.734" level="INFO">${lngth} = 4</msg>
<status status="PASS" starttime="20210524 21:36:39.733" endtime="20210524 21:36:39.734"></status>
</kw>
<kw name="${i} IN RANGE [ ${lngth} ]" type="for">
<kw name="${i} = 0" type="foritem">
<kw name="Convert To Number" library="BuiltIn">
<doc>Converts the given item to a floating point number.</doc>
<arguments>
<arg>${list1[${i}]}</arg>
</arguments>
<assign>
<var>${z}</var>
</assign>
<msg timestamp="20210524 21:36:39.735" level="INFO">${z} = 32.0</msg>
<status status="PASS" starttime="20210524 21:36:39.734" endtime="20210524 21:36:39.735"></status>
</kw>
<kw name="Append To List" library="Collections">
<doc>Adds ``values`` to the end of ``list``.</doc>
<arguments>
<arg>${list2}</arg>
<arg>${z}</arg>
</arguments>
<status status="PASS" starttime="20210524 21:36:39.735" endtime="20210524 21:36:39.735"></status>
</kw>
<status status="PASS" starttime="20210524 21:36:39.734" endtime="20210524 21:36:39.736"></status>
</kw>
<kw name="${i} = 1" type="foritem">
<kw name="Convert To Number" library="BuiltIn">
<doc>Converts the given item to a floating point number.</doc>
<arguments>
<arg>${list1[${i}]}</arg>
</arguments>
<assign>
<var>${z}</var>
</assign>
<msg timestamp="20210524 21:36:39.737" level="INFO">${z} = 662.0</msg>
<status status="PASS" starttime="20210524 21:36:39.736" endtime="20210524 21:36:39.737"></status>
</kw>
<kw name="Append To List" library="Collections">
<doc>Adds ``values`` to the end of ``list``.</doc>
<arguments>
<arg>${list2}</arg>
<arg>${z}</arg>
</arguments>
<status status="PASS" starttime="20210524 21:36:39.737" endtime="20210524 21:36:39.738"></status>
</kw>
<status status="PASS" starttime="20210524 21:36:39.736" endtime="20210524 21:36:39.738"></status>
</kw>
<kw name="${i} = 2" type="foritem">
<kw name="Convert To Number" library="BuiltIn">
<doc>Converts the given item to a floating point number.</doc>
<arguments>
<arg>${list1[${i}]}</arg>
</arguments>
<assign>
<var>${z}</var>
</assign>
<msg timestamp="20210524 21:36:39.739" level="INFO">${z} = -25.6</msg>
<status status="PASS" starttime="20210524 21:36:39.738" endtime="20210524 21:36:39.739"></status>
</kw>
<kw name="Append To List" library="Collections">
<doc>Adds ``values`` to the end of ``list``.</doc>
<arguments>
<arg>${list2}</arg>
<arg>${z}</arg>
</arguments>
<status status="PASS" starttime="20210524 21:36:39.739" endtime="20210524 21:36:39.740"></status>
</kw>
<status status="PASS" starttime="20210524 21:36:39.738" endtime="20210524 21:36:39.740"></status>
</kw>
<kw name="${i} = 3" type="foritem">
<kw name="Convert To Number" library="BuiltIn">
<doc>Converts the given item to a floating point number.</doc>
<arguments>
<arg>${list1[${i}]}</arg>
</arguments>
<assign>
<var>${z}</var>
</assign>
<msg timestamp="20210524 21:36:39.741" level="INFO">${z} = 212.0</msg>
<status status="PASS" starttime="20210524 21:36:39.740" endtime="20210524 21:36:39.742"></status>
</kw>
<kw name="Append To List" library="Collections">
<doc>Adds ``values`` to the end of ``list``.</doc>
<arguments>
<arg>${list2}</arg>
<arg>${z}</arg>
</arguments>
<status status="PASS" starttime="20210524 21:36:39.742" endtime="20210524 21:36:39.742"></status>
</kw>
<status status="PASS" starttime="20210524 21:36:39.740" endtime="20210524 21:36:39.743"></status>
</kw>
<status status="PASS" starttime="20210524 21:36:39.734" endtime="20210524 21:36:39.743"></status>
</kw>
<msg timestamp="20210524 21:36:39.743" level="INFO">@{trgTempFar} = [ 32.0 | 662.0 | -25.6 | 212.0 ]</msg>
<status status="PASS" starttime="20210524 21:36:39.732" endtime="20210524 21:36:39.743"></status>
</kw>
<kw name="Create List" library="BuiltIn">
<doc>Returns a list containing given items.</doc>
<arguments>
<arg>${trgTempCel}</arg>
<arg>${trgTempFar}</arg>
</arguments>
<assign>
<var>@{trgTemp}</var>
</assign>
<msg timestamp="20210524 21:36:39.745" level="INFO">@{trgTemp} = [ [0.0, 350.0, -32.0, 100.0] | [32.0, 662.0, -25.6, 212.0] ]</msg>
<status status="PASS" starttime="20210524 21:36:39.744" endtime="20210524 21:36:39.745"></status>
</kw>
<kw name="Get Length" library="BuiltIn">
<doc>Returns and logs the length of the given item as an integer.</doc>
<arguments>
<arg>${trgTemp[0]}</arg>
</arguments>
<assign>
<var>${length}</var>
</assign>
<msg timestamp="20210524 21:36:39.746" level="INFO">Length is 4</msg>
<msg timestamp="20210524 21:36:39.746" level="INFO">${length} = 4</msg>
<status status="PASS" starttime="20210524 21:36:39.746" endtime="20210524 21:36:39.746"></status>
</kw>
<kw name="${i} IN RANGE [ ${length} ]" type="for">
<kw name="${i} = 0" type="foritem">
<kw name="Convert temp">
<arguments>
<arg>${trgTemp[0][${i}]}</arg>
<arg>${trgTemp[1][${i}]}</arg>
</arguments>
<kw name="Evaluate" library="BuiltIn">
<doc>Evaluates the given expression in Python and returns the results.</doc>
<arguments>
<arg>9/5*${c}+32</arg>
</arguments>
<assign>
<var>${x}</var>
</assign>
<msg timestamp="20210524 21:36:39.750" level="INFO">${x} = 32.0</msg>
<status status="PASS" starttime="20210524 21:36:39.749" endtime="20210524 21:36:39.750"></status>
</kw>
<kw name="Should Be Equal As Numbers" library="BuiltIn">
<doc>Fails if objects are unequal after converting them to real numbers.</doc>
<arguments>
<arg>${f}</arg>
<arg>${x}</arg>
</arguments>
<status status="PASS" starttime="20210524 21:36:39.750" endtime="20210524 21:36:39.751"></status>
</kw>
<status status="PASS" starttime="20210524 21:36:39.748" endtime="20210524 21:36:39.751"></status>
</kw>
<status status="PASS" starttime="20210524 21:36:39.748" endtime="20210524 21:36:39.751"></status>
</kw>
<kw name="${i} = 1" type="foritem">
<kw name="Convert temp">
<arguments>
<arg>${trgTemp[0][${i}]}</arg>
<arg>${trgTemp[1][${i}]}</arg>
</arguments>
<kw name="Evaluate" library="BuiltIn">
<doc>Evaluates the given expression in Python and returns the results.</doc>
<arguments>
<arg>9/5*${c}+32</arg>
</arguments>
<assign>
<var>${x}</var>
</assign>
<msg timestamp="20210524 21:36:39.753" level="INFO">${x} = 662.0</msg>
<status status="PASS" starttime="20210524 21:36:39.752" endtime="20210524 21:36:39.753"></status>
</kw>
<kw name="Should Be Equal As Numbers" library="BuiltIn">
<doc>Fails if objects are unequal after converting them to real numbers.</doc>
<arguments>
<arg>${f}</arg>
<arg>${x}</arg>
</arguments>
<status status="PASS" starttime="20210524 21:36:39.753" endtime="20210524 21:36:39.754"></status>
</kw>
<status status="PASS" starttime="20210524 21:36:39.751" endtime="20210524 21:36:39.754"></status>
</kw>
<status status="PASS" starttime="20210524 21:36:39.751" endtime="20210524 21:36:39.754"></status>
</kw>
<kw name="${i} = 2" type="foritem">
<kw name="Convert temp">
<arguments>
<arg>${trgTemp[0][${i}]}</arg>
<arg>${trgTemp[1][${i}]}</arg>
</arguments>
<kw name="Evaluate" library="BuiltIn">
<doc>Evaluates the given expression in Python and returns the results.</doc>
<arguments>
<arg>9/5*${c}+32</arg>
</arguments>
<assign>
<var>${x}</var>
</assign>
<msg timestamp="20210524 21:36:39.756" level="INFO">${x} = -25.6</msg>
<status status="PASS" starttime="20210524 21:36:39.755" endtime="20210524 21:36:39.756"></status>
</kw>
<kw name="Should Be Equal As Numbers" library="BuiltIn">
<doc>Fails if objects are unequal after converting them to real numbers.</doc>
<arguments>
<arg>${f}</arg>
<arg>${x}</arg>
</arguments>
<status status="PASS" starttime="20210524 21:36:39.756" endtime="20210524 21:36:39.757"></status>
</kw>
<status status="PASS" starttime="20210524 21:36:39.754" endtime="20210524 21:36:39.757"></status>
</kw>
<status status="PASS" starttime="20210524 21:36:39.754" endtime="20210524 21:36:39.757"></status>
</kw>
<kw name="${i} = 3" type="foritem">
<kw name="Convert temp">
<arguments>
<arg>${trgTemp[0][${i}]}</arg>
<arg>${trgTemp[1][${i}]}</arg>
</arguments>
<kw name="Evaluate" library="BuiltIn">
<doc>Evaluates the given expression in Python and returns the results.</doc>
<arguments>
<arg>9/5*${c}+32</arg>
</arguments>
<assign>
<var>${x}</var>
</assign>
<msg timestamp="20210524 21:36:39.760" level="INFO">${x} = 212.0</msg>
<status status="PASS" starttime="20210524 21:36:39.760" endtime="20210524 21:36:39.760"></status>
</kw>
<kw name="Should Be Equal As Numbers" library="BuiltIn">
<doc>Fails if objects are unequal after converting them to real numbers.</doc>
<arguments>
<arg>${f}</arg>
<arg>${x}</arg>
</arguments>
<status status="PASS" starttime="20210524 21:36:39.760" endtime="20210524 21:36:39.761"></status>
</kw>
<status status="PASS" starttime="20210524 21:36:39.758" endtime="20210524 21:36:39.761"></status>
</kw>
<status status="PASS" starttime="20210524 21:36:39.757" endtime="20210524 21:36:39.761"></status>
</kw>
<status status="PASS" starttime="20210524 21:36:39.747" endtime="20210524 21:36:39.761"></status>
</kw>
<status status="PASS" starttime="20210524 21:36:39.717" endtime="20210524 21:36:39.762" critical="yes"></status>
</test>
<doc>Suite description</doc>
<status status="PASS" starttime="20210524 21:36:39.585" endtime="20210524 21:36:39.766"></status>
</suite>
<statistics>
<total>
<stat pass="4" fail="0">Critical Tests</stat>
<stat pass="4" fail="0">All Tests</stat>
</total>
<tag>
</tag>
<suite>
<stat pass="4" fail="0" id="s1" name="Test1">Test1</stat>
</suite>
</statistics>
<errors>
</errors>
</robot>
